-- PREGUNTA 2a
-- Se ejecuta la funcion
-- shortest_path( origin_city, table_name_out, steps ) sobre
-- cada ciudad en la lista de ciudades con maximo una parada (step = 1)
SELECT shortest_path( c.id, 'pregunta_2a', 1 )
FROM city as c;
 shortest_path 
---------------
 DONE!
 DONE!
 DONE!
 DONE!
 DONE!
 DONE!
 DONE!
 DONE!
 DONE!
 DONE!
 DONE!
 DONE!
 DONE!
 DONE!
 DONE!
 DONE!
 DONE!
 DONE!
 DONE!
 DONE!
 DONE!
 DONE!
 DONE!
 DONE!
 DONE!
 DONE!
 DONE!
 DONE!
 DONE!
 DONE!
(30 rows)

-- MOSTRAMOS EL RESULTADO
SELECT o.name as origin, f.name as destination, p1.price as min_cost, p1.steps, p1.visited as path
FROM pregunta_2a as p1
JOIN city as o ON o.id = p1.from_city
JOIN city as f ON f.id = p1.to_city;
     origin     |  destination   | min_cost  | steps |    path    
----------------+----------------+-----------+-------+------------
 Tokio          | Mumbai         |   $849.85 |     0 | {1,5}
 Tokio          | El Cairo       | $1,199.84 |     1 | {1,5,9}
 Tokio          | Nueva York     |   $891.92 |     0 | {1,10}
 Tokio          | Estambul       | $1,645.89 |     1 | {1,10,15}
 Tokio          | París          | $1,223.67 |     1 | {1,5,25}
 Tokio          | Londres        | $1,414.81 |     1 | {1,10,28}
 Delhi          | El Cairo       |   $977.29 |     1 | {2,19,9}
 Delhi          | Nueva York     |   $773.22 |     1 | {2,27,10}
 Delhi          | Buenos Aires   |   $716.49 |     1 | {2,19,13}
 Delhi          | Rio de Janeiro |   $534.50 |     0 | {2,19}
 Delhi          | Jakarta        |   $646.69 |     0 | {2,27}
 Shanghai       | Tokio          |   $462.93 |     1 | {3,9,1}
 Shanghai       | El Cairo       |   $101.28 |     0 | {3,9}
 Shanghai       | Nueva York     |   $360.74 |     1 | {3,27,10}
 Shanghai       | Rio de Janeiro | $1,047.89 |     1 | {3,27,19}
 Shanghai       | Moscú          |   $641.81 |     1 | {3,9,22}
 Shanghai       | Jakarta        |   $234.21 |     0 | {3,27}
 Sao Paulo      | Tokio          |   $889.76 |     1 | {4,23,1}
 Sao Paulo      | Nueva York     |   $591.62 |     1 | {4,27,10}
 Sao Paulo      | Kolkata        |   $766.06 |     1 | {4,23,14}
 Sao Paulo      | Rio de Janeiro | $1,278.77 |     1 | {4,27,19}
 Sao Paulo      | Kinshasa       |   $248.89 |     0 | {4,23}
 Sao Paulo      | Jakarta        |   $465.09 |     0 | {4,27}
 Mumbai         | Tokio          |   $711.64 |     1 | {5,9,1}
 Mumbai         | El Cairo       |   $349.99 |     0 | {5,9}
 Mumbai         | Los Ángeles    |   $609.17 |     1 | {5,25,21}
 Mumbai         | Moscú          |   $890.52 |     1 | {5,9,22}
 Mumbai         | París          |   $373.82 |     0 | {5,25}
 Mexico City    | Mumbai         | $1,012.88 |     1 | {6,30,5}
 Mexico City    | Dhaka          |   $660.38 |     0 | {6,11}
 Mexico City    | Manila         | $1,299.98 |     1 | {6,30,18}
 Mexico City    | Kinshasa       |   $858.92 |     1 | {6,11,23}
 Mexico City    | París          |   $872.16 |     1 | {6,11,25}
 Mexico City    | Lima           |   $769.68 |     0 | {6,30}
 Pekín          | Dhaka          |   $327.75 |     0 | {7,11}
 Pekín          | Karachi        |   $848.86 |     0 | {7,12}
 Pekín          | Kinshasa       |   $526.29 |     1 | {7,11,23}
 Pekín          | París          |   $539.53 |     1 | {7,11,25}
 Pekín          | Bangalore      | $1,567.98 |     1 | {7,12,29}
 Osaka          | Shanghai       |   $575.38 |     1 | {8,18,3}
 Osaka          | Mumbai         | $1,134.87 |     1 | {8,30,5}
 Osaka          | Lagos          |   $550.64 |     1 | {8,18,17}
 Osaka          | Manila         |   $402.19 |     0 | {8,18}
 Osaka          | Lima           |   $891.67 |     0 | {8,30}
 El Cairo       | Tokio          |   $361.65 |     0 | {9,1}
 El Cairo       | Mumbai         | $1,211.50 |     1 | {9,1,5}
 El Cairo       | Nueva York     | $1,253.57 |     1 | {9,1,10}
 El Cairo       | Guangzhou      | $1,329.79 |     1 | {9,22,20}
 El Cairo       | Moscú          |   $540.53 |     0 | {9,22}
 El Cairo       | Shenzhen       | $1,414.73 |     1 | {9,22,26}
 Nueva York     | Pekín          | $1,203.04 |     1 | {10,28,7}
 Nueva York     | Estambul       |   $753.97 |     0 | {10,15}
 Nueva York     | Shenzhen       | $1,054.24 |     1 | {10,15,26}
 Nueva York     | Londres        |   $522.89 |     0 | {10,28}
 Nueva York     | Bangalore      |   $628.11 |     1 | {10,28,29}
 Dhaka          | Tokio          |   $839.41 |     1 | {11,23,1}
 Dhaka          | Kolkata        |   $715.71 |     1 | {11,23,14}
 Dhaka          | Los Ángeles    |   $447.13 |     1 | {11,25,21}
 Dhaka          | Moscú          |   $966.88 |     1 | {11,25,22}
 Dhaka          | Kinshasa       |   $198.54 |     0 | {11,23}
 Dhaka          | París          |   $211.78 |     0 | {11,25}
 Karachi        | Mexico City    | $1,192.85 |     1 | {12,29,6}
 Karachi        | Dhaka          |   $250.88 |     0 | {12,11}
 Karachi        | Rio de Janeiro |   $916.95 |     1 | {12,29,19}
 Karachi        | Kinshasa       |   $449.42 |     1 | {12,11,23}
 Karachi        | París          |   $462.66 |     1 | {12,11,25}
 Karachi        | Bangalore      |   $719.12 |     0 | {12,29}
 Buenos Aires   | El Cairo       |   $661.73 |     1 | {13,19,9}
 Buenos Aires   | Rio de Janeiro |   $218.94 |     0 | {13,19}
 Buenos Aires   | Los Ángeles    |   $821.64 |     0 | {13,21}
 Buenos Aires   | Bangalore      | $1,466.54 |     1 | {13,21,29}
 Kolkata        | Tokio          |   $589.79 |     0 | {14,1}
 Kolkata        | Mumbai         | $1,439.64 |     1 | {14,1,5}
 Kolkata        | El Cairo       |   $774.29 |     1 | {14,19,9}
 Kolkata        | Nueva York     | $1,481.71 |     1 | {14,1,10}
 Kolkata        | Buenos Aires   |   $513.49 |     1 | {14,19,13}
 Kolkata        | Rio de Janeiro |   $331.50 |     0 | {14,19}
 Estambul       | Sao Paulo      |   $700.00 |     1 | {15,26,4}
 Estambul       | Osaka          | $1,051.07 |     1 | {15,26,8}
 Estambul       | Nueva York     |   $835.07 |     0 | {15,10}
 Estambul       | Shenzhen       |   $300.27 |     0 | {15,26}
 Estambul       | Londres        | $1,357.96 |     1 | {15,10,28}
 Chongqing      | Sao Paulo      |   $905.94 |     1 | {16,26,4}
 Chongqing      | Mumbai         |   $454.75 |     0 | {16,5}
 Chongqing      | Osaka          | $1,257.01 |     1 | {16,26,8}
 Chongqing      | El Cairo       |   $804.74 |     1 | {16,5,9}
 Chongqing      | París          |   $828.57 |     1 | {16,5,25}
 Chongqing      | Shenzhen       |   $506.21 |     0 | {16,26}
 Lagos          | Mumbai         | $1,079.19 |     1 | {17,16,5}
 Lagos          | Chongqing      |   $624.44 |     0 | {17,16}
 Lagos          | Los Ángeles    |   $554.61 |     1 | {17,25,21}
 Lagos          | Moscú          | $1,074.36 |     1 | {17,25,22}
 Lagos          | París          |   $319.26 |     0 | {17,25}
 Lagos          | Shenzhen       | $1,130.65 |     1 | {17,16,26}
 Manila         | Shanghai       |   $173.19 |     0 | {18,3}
 Manila         | El Cairo       |   $274.47 |     1 | {18,3,9}
 Manila         | Chongqing      |   $772.89 |     1 | {18,17,16}
 Manila         | Lagos          |   $148.45 |     0 | {18,17}
 Manila         | París          |   $467.71 |     1 | {18,17,25}
 Manila         | Jakarta        |   $407.40 |     1 | {18,3,27}
 Rio de Janeiro | Tokio          |   $804.44 |     1 | {19,9,1}
 Rio de Janeiro | El Cairo       |   $442.79 |     0 | {19,9}
 Rio de Janeiro | Buenos Aires   |   $181.99 |     0 | {19,13}
 Rio de Janeiro | Los Ángeles    | $1,003.63 |     1 | {19,13,21}
 Rio de Janeiro | Moscú          |   $983.32 |     1 | {19,9,22}
 Guangzhou      | Tokio          | $1,094.02 |     1 | {20,14,1}
 Guangzhou      | Buenos Aires   |   $641.55 |     0 | {20,13}
 Guangzhou      | Kolkata        |   $504.23 |     0 | {20,14}
 Guangzhou      | Rio de Janeiro |   $835.73 |     1 | {20,14,19}
 Guangzhou      | Los Ángeles    | $1,463.19 |     1 | {20,13,21}
 Los Ángeles    | Mexico City    | $1,118.63 |     1 | {21,29,6}
 Los Ángeles    | Buenos Aires   |   $432.54 |     0 | {21,13}
 Los Ángeles    | Rio de Janeiro |   $651.48 |     1 | {21,13,19}
 Los Ángeles    | Bangalore      |   $644.90 |     0 | {21,29}
 Moscú          | Sao Paulo      | $1,273.93 |     1 | {22,26,4}
 Moscú          | Osaka          | $1,625.00 |     1 | {22,26,8}
 Moscú          | Buenos Aires   | $1,430.81 |     1 | {22,20,13}
 Moscú          | Kolkata        | $1,293.49 |     1 | {22,20,14}
 Moscú          | Guangzhou      |   $789.26 |     0 | {22,20}
 Moscú          | Shenzhen       |   $874.20 |     0 | {22,26}
 Kinshasa       | Tokio          |   $640.87 |     0 | {23,1}
 Kinshasa       | Mumbai         | $1,490.72 |     1 | {23,1,5}
 Kinshasa       | Nueva York     | $1,532.79 |     1 | {23,1,10}
 Kinshasa       | Kolkata        |   $517.17 |     0 | {23,14}
 Kinshasa       | Rio de Janeiro |   $848.67 |     1 | {23,14,19}
 Tianjin        | Tokio          |   $167.55 |     0 | {24,1}
 Tianjin        | Mumbai         | $1,017.40 |     1 | {24,1,5}
 Tianjin        | Nueva York     | $1,059.47 |     1 | {24,1,10}
 Tianjin        | Buenos Aires   |   $945.35 |     1 | {24,20,13}
 Tianjin        | Kolkata        |   $808.03 |     1 | {24,20,14}
 Tianjin        | Guangzhou      |   $303.80 |     0 | {24,20}
 París          | Buenos Aires   |   $667.89 |     1 | {25,21,13}
 París          | Guangzhou      | $1,544.36 |     1 | {25,22,20}
 París          | Los Ángeles    |   $235.35 |     0 | {25,21}
 París          | Moscú          |   $755.10 |     0 | {25,22}
 París          | Shenzhen       | $1,629.30 |     1 | {25,22,26}
 París          | Bangalore      |   $880.25 |     1 | {25,21,29}
 Shenzhen       | Sao Paulo      |   $399.73 |     0 | {26,4}
 Shenzhen       | Osaka          |   $750.80 |     0 | {26,8}
 Shenzhen       | Manila         | $1,152.99 |     1 | {26,8,18}
 Shenzhen       | Kinshasa       |   $648.62 |     1 | {26,4,23}
 Shenzhen       | Jakarta        |   $864.82 |     1 | {26,4,27}
 Shenzhen       | Lima           | $1,642.47 |     1 | {26,8,30}
 Jakarta        | El Cairo       | $1,256.47 |     1 | {27,19,9}
 Jakarta        | Nueva York     |   $126.53 |     0 | {27,10}
 Jakarta        | Buenos Aires   |   $995.67 |     1 | {27,19,13}
 Jakarta        | Estambul       |   $880.50 |     1 | {27,10,15}
 Jakarta        | Rio de Janeiro |   $813.68 |     0 | {27,19}
 Jakarta        | Londres        |   $649.42 |     1 | {27,10,28}
 Londres        | Mexico City    |   $578.95 |     1 | {28,29,6}
 Londres        | Pekín          |   $680.15 |     0 | {28,7}
 Londres        | Dhaka          | $1,007.90 |     1 | {28,7,11}
 Londres        | Karachi        | $1,529.01 |     1 | {28,7,12}
 Londres        | Rio de Janeiro |   $303.05 |     1 | {28,29,19}
 Londres        | Bangalore      |   $105.22 |     0 | {28,29}
 Bangalore      | Mexico City    |   $473.73 |     0 | {29,6}
 Bangalore      | El Cairo       |   $640.62 |     1 | {29,19,9}
 Bangalore      | Dhaka          | $1,134.11 |     1 | {29,6,11}
 Bangalore      | Buenos Aires   |   $379.82 |     1 | {29,19,13}
 Bangalore      | Rio de Janeiro |   $197.83 |     0 | {29,19}
 Bangalore      | Lima           | $1,243.41 |     1 | {29,6,30}
 Lima           | Shanghai       |   $703.49 |     1 | {30,18,3}
 Lima           | Mumbai         |   $243.20 |     0 | {30,5}
 Lima           | El Cairo       |   $593.19 |     1 | {30,5,9}
 Lima           | Lagos          |   $678.75 |     1 | {30,18,17}
 Lima           | Manila         |   $530.30 |     0 | {30,18}
 Lima           | París          |   $617.02 |     1 | {30,5,25}
(167 rows)

-- PREGUNTA 2b
-- Se ejecuta la funcion
-- shortest_path( origin_city, table_name_out, steps ) sobre
-- cada ciudad en la lista de ciudades con maximo dos paradas (step = 2)
SELECT shortest_path( c.id, 'pregunta_2b', 2 )
FROM city as c;
 shortest_path 
---------------
 DONE!
 DONE!
 DONE!
 DONE!
 DONE!
 DONE!
 DONE!
 DONE!
 DONE!
 DONE!
 DONE!
 DONE!
 DONE!
 DONE!
 DONE!
 DONE!
 DONE!
 DONE!
 DONE!
 DONE!
 DONE!
 DONE!
 DONE!
 DONE!
 DONE!
 DONE!
 DONE!
 DONE!
 DONE!
 DONE!
(30 rows)

-- MOSTRAMOS EL RESULTADO
SELECT o.name as origin, f.name as destination, p1.price as min_cost, p1.steps, p1.visited as path
FROM pregunta_2b as p1
JOIN city as o ON o.id = p1.from_city
JOIN city as f ON f.id = p1.to_city;
     origin     |  destination   | min_cost  | steps |     path      
----------------+----------------+-----------+-------+---------------
 Tokio          | Mumbai         |   $849.85 |     0 | {1,5}
 Tokio          | Pekín          | $2,094.96 |     2 | {1,10,28,7}
 Tokio          | El Cairo       | $1,199.84 |     1 | {1,5,9}
 Tokio          | Nueva York     |   $891.92 |     0 | {1,10}
 Tokio          | Estambul       | $1,645.89 |     1 | {1,10,15}
 Tokio          | Los Ángeles    | $1,459.02 |     2 | {1,5,25,21}
 Tokio          | Moscú          | $1,740.37 |     2 | {1,5,9,22}
 Tokio          | París          | $1,223.67 |     1 | {1,5,25}
 Tokio          | Shenzhen       | $1,946.16 |     2 | {1,10,15,26}
 Tokio          | Londres        | $1,414.81 |     1 | {1,10,28}
 Tokio          | Bangalore      | $1,520.03 |     2 | {1,10,28,29}
 Delhi          | Tokio          | $1,338.94 |     2 | {2,19,9,1}
 Delhi          | El Cairo       |   $977.29 |     1 | {2,19,9}
 Delhi          | Nueva York     |   $773.22 |     1 | {2,27,10}
 Delhi          | Buenos Aires   |   $716.49 |     1 | {2,19,13}
 Delhi          | Estambul       | $1,527.19 |     2 | {2,27,10,15}
 Delhi          | Rio de Janeiro |   $534.50 |     0 | {2,19}
 Delhi          | Los Ángeles    | $1,538.13 |     2 | {2,19,13,21}
 Delhi          | Moscú          | $1,517.82 |     2 | {2,19,9,22}
 Delhi          | Jakarta        |   $646.69 |     0 | {2,27}
 Delhi          | Londres        | $1,296.11 |     2 | {2,27,10,28}
 Shanghai       | Tokio          |   $462.93 |     1 | {3,9,1}
 Shanghai       | Mumbai         | $1,312.78 |     2 | {3,9,1,5}
 Shanghai       | El Cairo       |   $101.28 |     0 | {3,9}
 Shanghai       | Nueva York     |   $360.74 |     1 | {3,27,10}
 Shanghai       | Buenos Aires   | $1,229.88 |     2 | {3,27,19,13}
 Shanghai       | Estambul       | $1,114.71 |     2 | {3,27,10,15}
 Shanghai       | Rio de Janeiro | $1,047.89 |     1 | {3,27,19}
 Shanghai       | Guangzhou      | $1,431.07 |     2 | {3,9,22,20}
 Shanghai       | Moscú          |   $641.81 |     1 | {3,9,22}
 Shanghai       | Shenzhen       | $1,516.01 |     2 | {3,9,22,26}
 Shanghai       | Jakarta        |   $234.21 |     0 | {3,27}
 Shanghai       | Londres        |   $883.63 |     2 | {3,27,10,28}
 Sao Paulo      | Tokio          |   $889.76 |     1 | {4,23,1}
 Sao Paulo      | Mumbai         | $1,739.61 |     2 | {4,23,1,5}
 Sao Paulo      | El Cairo       | $1,721.56 |     2 | {4,27,19,9}
 Sao Paulo      | Nueva York     |   $591.62 |     1 | {4,27,10}
 Sao Paulo      | Buenos Aires   | $1,460.76 |     2 | {4,27,19,13}
 Sao Paulo      | Kolkata        |   $766.06 |     1 | {4,23,14}
 Sao Paulo      | Estambul       | $1,345.59 |     2 | {4,27,10,15}
 Sao Paulo      | Rio de Janeiro | $1,097.56 |     2 | {4,23,14,19}
 Sao Paulo      | Kinshasa       |   $248.89 |     0 | {4,23}
 Sao Paulo      | Jakarta        |   $465.09 |     0 | {4,27}
 Sao Paulo      | Londres        | $1,114.51 |     2 | {4,27,10,28}
 Mumbai         | Tokio          |   $711.64 |     1 | {5,9,1}
 Mumbai         | El Cairo       |   $349.99 |     0 | {5,9}
 Mumbai         | Nueva York     | $1,603.56 |     2 | {5,9,1,10}
 Mumbai         | Buenos Aires   | $1,041.71 |     2 | {5,25,21,13}
 Mumbai         | Guangzhou      | $1,679.78 |     2 | {5,9,22,20}
 Mumbai         | Los Ángeles    |   $609.17 |     1 | {5,25,21}
 Mumbai         | Moscú          |   $890.52 |     1 | {5,9,22}
 Mumbai         | París          |   $373.82 |     0 | {5,25}
 Mumbai         | Shenzhen       | $1,764.72 |     2 | {5,9,22,26}
 Mumbai         | Bangalore      | $1,254.07 |     2 | {5,25,21,29}
 Mexico City    | Tokio          | $1,499.79 |     2 | {6,11,23,1}
 Mexico City    | Shanghai       | $1,473.17 |     2 | {6,30,18,3}
 Mexico City    | Mumbai         | $1,012.88 |     1 | {6,30,5}
 Mexico City    | El Cairo       | $1,362.87 |     2 | {6,30,5,9}
 Mexico City    | Dhaka          |   $660.38 |     0 | {6,11}
 Mexico City    | Kolkata        | $1,376.09 |     2 | {6,11,23,14}
 Mexico City    | Lagos          | $1,448.43 |     2 | {6,30,18,17}
 Mexico City    | Manila         | $1,299.98 |     1 | {6,30,18}
 Mexico City    | Los Ángeles    | $1,107.51 |     2 | {6,11,25,21}
 Mexico City    | Moscú          | $1,627.26 |     2 | {6,11,25,22}
 Mexico City    | Kinshasa       |   $858.92 |     1 | {6,11,23}
 Mexico City    | París          |   $872.16 |     1 | {6,11,25}
 Mexico City    | Lima           |   $769.68 |     0 | {6,30}
 Pekín          | Tokio          | $1,167.16 |     2 | {7,11,23,1}
 Pekín          | Mexico City    | $2,041.71 |     2 | {7,12,29,6}
 Pekín          | Dhaka          |   $327.75 |     0 | {7,11}
 Pekín          | Karachi        |   $848.86 |     0 | {7,12}
 Pekín          | Kolkata        | $1,043.46 |     2 | {7,11,23,14}
 Pekín          | Rio de Janeiro | $1,765.81 |     2 | {7,12,29,19}
 Pekín          | Los Ángeles    |   $774.88 |     2 | {7,11,25,21}
 Pekín          | Moscú          | $1,294.63 |     2 | {7,11,25,22}
 Pekín          | Kinshasa       |   $526.29 |     1 | {7,11,23}
 Pekín          | París          |   $539.53 |     1 | {7,11,25}
 Pekín          | Bangalore      | $1,567.98 |     1 | {7,12,29}
 Osaka          | Shanghai       |   $575.38 |     1 | {8,18,3}
 Osaka          | Mumbai         | $1,134.87 |     1 | {8,30,5}
 Osaka          | El Cairo       |   $676.66 |     2 | {8,18,3,9}
 Osaka          | Chongqing      | $1,175.08 |     2 | {8,18,17,16}
 Osaka          | Lagos          |   $550.64 |     1 | {8,18,17}
 Osaka          | Manila         |   $402.19 |     0 | {8,18}
 Osaka          | París          |   $869.90 |     2 | {8,18,17,25}
 Osaka          | Jakarta        |   $809.59 |     2 | {8,18,3,27}
 Osaka          | Lima           |   $891.67 |     0 | {8,30}
 El Cairo       | Tokio          |   $361.65 |     0 | {9,1}
 El Cairo       | Sao Paulo      | $1,814.46 |     2 | {9,22,26,4}
 El Cairo       | Mumbai         | $1,211.50 |     1 | {9,1,5}
 El Cairo       | Osaka          | $2,165.53 |     2 | {9,22,26,8}
 El Cairo       | Nueva York     | $1,253.57 |     1 | {9,1,10}
 El Cairo       | Buenos Aires   | $1,971.34 |     2 | {9,22,20,13}
 El Cairo       | Kolkata        | $1,834.02 |     2 | {9,22,20,14}
 El Cairo       | Estambul       | $2,007.54 |     2 | {9,1,10,15}
 El Cairo       | Guangzhou      | $1,329.79 |     1 | {9,22,20}
 El Cairo       | Moscú          |   $540.53 |     0 | {9,22}
 El Cairo       | París          | $1,585.32 |     2 | {9,1,5,25}
 El Cairo       | Shenzhen       | $1,414.73 |     1 | {9,22,26}
 El Cairo       | Londres        | $1,776.46 |     2 | {9,1,10,28}
 Nueva York     | Sao Paulo      | $1,453.97 |     2 | {10,15,26,4}
 Nueva York     | Mexico City    | $1,101.84 |     2 | {10,28,29,6}
 Nueva York     | Pekín          | $1,203.04 |     1 | {10,28,7}
 Nueva York     | Osaka          | $1,805.04 |     2 | {10,15,26,8}
 Nueva York     | Dhaka          | $1,530.79 |     2 | {10,28,7,11}
 Nueva York     | Karachi        | $2,051.90 |     2 | {10,28,7,12}
 Nueva York     | Estambul       |   $753.97 |     0 | {10,15}
 Nueva York     | Rio de Janeiro |   $825.94 |     2 | {10,28,29,19}
 Nueva York     | Shenzhen       | $1,054.24 |     1 | {10,15,26}
 Nueva York     | Londres        |   $522.89 |     0 | {10,28}
 Nueva York     | Bangalore      |   $628.11 |     1 | {10,28,29}
 Dhaka          | Tokio          |   $839.41 |     1 | {11,23,1}
 Dhaka          | Mumbai         | $1,689.26 |     2 | {11,23,1,5}
 Dhaka          | Nueva York     | $1,731.33 |     2 | {11,23,1,10}
 Dhaka          | Buenos Aires   |   $879.67 |     2 | {11,25,21,13}
 Dhaka          | Kolkata        |   $715.71 |     1 | {11,23,14}
 Dhaka          | Rio de Janeiro | $1,047.21 |     2 | {11,23,14,19}
 Dhaka          | Guangzhou      | $1,756.14 |     2 | {11,25,22,20}
 Dhaka          | Los Ángeles    |   $447.13 |     1 | {11,25,21}
 Dhaka          | Moscú          |   $966.88 |     1 | {11,25,22}
 Dhaka          | Kinshasa       |   $198.54 |     0 | {11,23}
 Dhaka          | París          |   $211.78 |     0 | {11,25}
 Dhaka          | Shenzhen       | $1,841.08 |     2 | {11,25,22,26}
 Dhaka          | Bangalore      | $1,092.03 |     2 | {11,25,21,29}
 Karachi        | Tokio          | $1,090.29 |     2 | {12,11,23,1}
 Karachi        | Mexico City    | $1,192.85 |     1 | {12,29,6}
 Karachi        | El Cairo       | $1,359.74 |     2 | {12,29,19,9}
 Karachi        | Dhaka          |   $250.88 |     0 | {12,11}
 Karachi        | Buenos Aires   | $1,098.94 |     2 | {12,29,19,13}
 Karachi        | Kolkata        |   $966.59 |     2 | {12,11,23,14}
 Karachi        | Rio de Janeiro |   $916.95 |     1 | {12,29,19}
 Karachi        | Los Ángeles    |   $698.01 |     2 | {12,11,25,21}
 Karachi        | Moscú          | $1,217.76 |     2 | {12,11,25,22}
 Karachi        | Kinshasa       |   $449.42 |     1 | {12,11,23}
 Karachi        | París          |   $462.66 |     1 | {12,11,25}
 Karachi        | Bangalore      |   $719.12 |     0 | {12,29}
 Karachi        | Lima           | $1,962.53 |     2 | {12,29,6,30}
 Buenos Aires   | Tokio          | $1,023.38 |     2 | {13,19,9,1}
 Buenos Aires   | Mexico City    | $1,940.27 |     2 | {13,21,29,6}
 Buenos Aires   | El Cairo       |   $661.73 |     1 | {13,19,9}
 Buenos Aires   | Rio de Janeiro |   $218.94 |     0 | {13,19}
 Buenos Aires   | Los Ángeles    |   $821.64 |     0 | {13,21}
 Buenos Aires   | Moscú          | $1,202.26 |     2 | {13,19,9,22}
 Buenos Aires   | Bangalore      | $1,466.54 |     1 | {13,21,29}
 Kolkata        | Tokio          |   $589.79 |     0 | {14,1}
 Kolkata        | Mumbai         | $1,439.64 |     1 | {14,1,5}
 Guangzhou      | Kolkata        |   $504.23 |     0 | {20,14}
 Kolkata        | El Cairo       |   $774.29 |     1 | {14,19,9}
 Kolkata        | Nueva York     | $1,481.71 |     1 | {14,1,10}
 Kolkata        | Buenos Aires   |   $513.49 |     1 | {14,19,13}
 Kolkata        | Estambul       | $2,235.68 |     2 | {14,1,10,15}
 Kolkata        | Rio de Janeiro |   $331.50 |     0 | {14,19}
 Kolkata        | Los Ángeles    | $1,335.13 |     2 | {14,19,13,21}
 Kolkata        | Moscú          | $1,314.82 |     2 | {14,19,9,22}
 Kolkata        | París          | $1,813.46 |     2 | {14,1,5,25}
 Kolkata        | Londres        | $2,004.60 |     2 | {14,1,10,28}
 Estambul       | Sao Paulo      |   $700.00 |     1 | {15,26,4}
 Estambul       | Pekín          | $2,038.11 |     2 | {15,10,28,7}
 Estambul       | Osaka          | $1,051.07 |     1 | {15,26,8}
 Estambul       | Nueva York     |   $835.07 |     0 | {15,10}
 Estambul       | Manila         | $1,453.26 |     2 | {15,26,8,18}
 Estambul       | Kinshasa       |   $948.89 |     2 | {15,26,4,23}
 Estambul       | Shenzhen       |   $300.27 |     0 | {15,26}
 Estambul       | Jakarta        | $1,165.09 |     2 | {15,26,4,27}
 Estambul       | Londres        | $1,357.96 |     1 | {15,10,28}
 Estambul       | Bangalore      | $1,463.18 |     2 | {15,10,28,29}
 Estambul       | Lima           | $1,942.74 |     2 | {15,26,8,30}
 Chongqing      | Tokio          | $1,166.39 |     2 | {16,5,9,1}
 Chongqing      | Sao Paulo      |   $905.94 |     1 | {16,26,4}
 Chongqing      | Mumbai         |   $454.75 |     0 | {16,5}
 Chongqing      | Osaka          | $1,257.01 |     1 | {16,26,8}
 Chongqing      | El Cairo       |   $804.74 |     1 | {16,5,9}
 Chongqing      | Manila         | $1,659.20 |     2 | {16,26,8,18}
 Chongqing      | Los Ángeles    | $1,063.92 |     2 | {16,5,25,21}
 Chongqing      | Moscú          | $1,345.27 |     2 | {16,5,9,22}
 Chongqing      | Kinshasa       | $1,154.83 |     2 | {16,26,4,23}
 Chongqing      | París          |   $828.57 |     1 | {16,5,25}
 Chongqing      | Shenzhen       |   $506.21 |     0 | {16,26}
 Chongqing      | Jakarta        | $1,371.03 |     2 | {16,26,4,27}
 Chongqing      | Lima           | $2,148.68 |     2 | {16,26,8,30}
 Lagos          | Sao Paulo      | $1,530.38 |     2 | {17,16,26,4}
 Lagos          | Mumbai         | $1,079.19 |     1 | {17,16,5}
 Lagos          | Osaka          | $1,881.45 |     2 | {17,16,26,8}
 Lagos          | El Cairo       | $1,429.18 |     2 | {17,16,5,9}
 Lagos          | Buenos Aires   |   $987.15 |     2 | {17,25,21,13}
 Lagos          | Chongqing      |   $624.44 |     0 | {17,16}
 Lagos          | Guangzhou      | $1,863.62 |     2 | {17,25,22,20}
 Lagos          | Los Ángeles    |   $554.61 |     1 | {17,25,21}
 Lagos          | Moscú          | $1,074.36 |     1 | {17,25,22}
 Lagos          | París          |   $319.26 |     0 | {17,25}
 Lagos          | Shenzhen       | $1,130.65 |     1 | {17,16,26}
 Lagos          | Bangalore      | $1,199.51 |     2 | {17,25,21,29}
 Manila         | Tokio          |   $636.12 |     2 | {18,3,9,1}
 Manila         | Shanghai       |   $173.19 |     0 | {18,3}
 Manila         | Mumbai         | $1,227.64 |     2 | {18,17,16,5}
 Manila         | El Cairo       |   $274.47 |     1 | {18,3,9}
 Manila         | Nueva York     |   $533.93 |     2 | {18,3,27,10}
 Manila         | Chongqing      |   $772.89 |     1 | {18,17,16}
 Manila         | Lagos          |   $148.45 |     0 | {18,17}
 Manila         | Rio de Janeiro | $1,221.08 |     2 | {18,3,27,19}
 Manila         | Los Ángeles    |   $703.06 |     2 | {18,17,25,21}
 Manila         | Moscú          |   $815.00 |     2 | {18,3,9,22}
 Manila         | París          |   $467.71 |     1 | {18,17,25}
 Manila         | Shenzhen       | $1,279.10 |     2 | {18,17,16,26}
 Manila         | Jakarta        |   $407.40 |     1 | {18,3,27}
 Rio de Janeiro | Tokio          |   $804.44 |     1 | {19,9,1}
 Rio de Janeiro | Mumbai         | $1,654.29 |     2 | {19,9,1,5}
 Rio de Janeiro | El Cairo       |   $442.79 |     0 | {19,9}
 Rio de Janeiro | Nueva York     | $1,696.36 |     2 | {19,9,1,10}
 Rio de Janeiro | Buenos Aires   |   $181.99 |     0 | {19,13}
 Rio de Janeiro | Guangzhou      | $1,772.58 |     2 | {19,9,22,20}
 Rio de Janeiro | Los Ángeles    | $1,003.63 |     1 | {19,13,21}
 Rio de Janeiro | Moscú          |   $983.32 |     1 | {19,9,22}
 Rio de Janeiro | Shenzhen       | $1,857.52 |     2 | {19,9,22,26}
 Rio de Janeiro | Bangalore      | $1,648.53 |     2 | {19,13,21,29}
 Guangzhou      | Tokio          | $1,094.02 |     1 | {20,14,1}
 Guangzhou      | Mumbai         | $1,943.87 |     2 | {20,14,1,5}
 Guangzhou      | El Cairo       | $1,278.52 |     2 | {20,14,19,9}
 Guangzhou      | Nueva York     | $1,985.94 |     2 | {20,14,1,10}
 Guangzhou      | Buenos Aires   |   $641.55 |     0 | {20,13}
 Guangzhou      | Rio de Janeiro |   $835.73 |     1 | {20,14,19}
 Guangzhou      | Los Ángeles    | $1,463.19 |     1 | {20,13,21}
 Guangzhou      | Bangalore      | $2,108.09 |     2 | {20,13,21,29}
 Los Ángeles    | Mexico City    | $1,118.63 |     1 | {21,29,6}
 Los Ángeles    | El Cairo       | $1,094.27 |     2 | {21,13,19,9}
 Los Ángeles    | Dhaka          | $1,779.01 |     2 | {21,29,6,11}
 Los Ángeles    | Buenos Aires   |   $432.54 |     0 | {21,13}
 Los Ángeles    | Rio de Janeiro |   $651.48 |     1 | {21,13,19}
 Los Ángeles    | Bangalore      |   $644.90 |     0 | {21,29}
 Los Ángeles    | Lima           | $1,888.31 |     2 | {21,29,6,30}
 Moscú          | Tokio          | $1,883.28 |     2 | {22,20,14,1}
 Moscú          | Sao Paulo      | $1,273.93 |     1 | {22,26,4}
 Moscú          | Osaka          | $1,625.00 |     1 | {22,26,8}
 Moscú          | Buenos Aires   | $1,430.81 |     1 | {22,20,13}
 Moscú          | Kolkata        | $1,293.49 |     1 | {22,20,14}
 Moscú          | Manila         | $2,027.19 |     2 | {22,26,8,18}
 Moscú          | Rio de Janeiro | $1,624.99 |     2 | {22,20,14,19}
 Moscú          | Guangzhou      |   $789.26 |     0 | {22,20}
 Moscú          | Los Ángeles    | $2,252.45 |     2 | {22,20,13,21}
 Moscú          | Kinshasa       | $1,522.82 |     2 | {22,26,4,23}
 Moscú          | Shenzhen       |   $874.20 |     0 | {22,26}
 Moscú          | Jakarta        | $1,739.02 |     2 | {22,26,4,27}
 Moscú          | Lima           | $2,516.67 |     2 | {22,26,8,30}
 Kinshasa       | Tokio          |   $640.87 |     0 | {23,1}
 Kinshasa       | Mumbai         | $1,490.72 |     1 | {23,1,5}
 Kinshasa       | El Cairo       | $1,291.46 |     2 | {23,14,19,9}
 Kinshasa       | Nueva York     | $1,532.79 |     1 | {23,1,10}
 Kinshasa       | Buenos Aires   | $1,030.66 |     2 | {23,14,19,13}
 Kinshasa       | Kolkata        |   $517.17 |     0 | {23,14}
 Kinshasa       | Estambul       | $2,286.76 |     2 | {23,1,10,15}
 Kinshasa       | Rio de Janeiro |   $848.67 |     1 | {23,14,19}
 Kinshasa       | París          | $1,864.54 |     2 | {23,1,5,25}
 Kinshasa       | Londres        | $2,055.68 |     2 | {23,1,10,28}
 Tianjin        | Tokio          |   $167.55 |     0 | {24,1}
 Tianjin        | Mumbai         | $1,017.40 |     1 | {24,1,5}
 Tianjin        | El Cairo       | $1,367.39 |     2 | {24,1,5,9}
 Tianjin        | Nueva York     | $1,059.47 |     1 | {24,1,10}
 Tianjin        | Buenos Aires   |   $945.35 |     1 | {24,20,13}
 Tianjin        | Kolkata        |   $808.03 |     1 | {24,20,14}
 Tianjin        | Estambul       | $1,813.44 |     2 | {24,1,10,15}
 Tianjin        | Rio de Janeiro | $1,139.53 |     2 | {24,20,14,19}
 Tianjin        | Guangzhou      |   $303.80 |     0 | {24,20}
 Tianjin        | Los Ángeles    | $1,766.99 |     2 | {24,20,13,21}
 Tianjin        | París          | $1,391.22 |     2 | {24,1,5,25}
 Tianjin        | Londres        | $1,582.36 |     2 | {24,1,10,28}
 París          | Sao Paulo      | $2,029.03 |     2 | {25,22,26,4}
 París          | Mexico City    | $1,353.98 |     2 | {25,21,29,6}
 París          | Osaka          | $2,380.10 |     2 | {25,22,26,8}
 París          | Buenos Aires   |   $667.89 |     1 | {25,21,13}
 París          | Kolkata        | $2,048.59 |     2 | {25,22,20,14}
 París          | Rio de Janeiro |   $886.83 |     2 | {25,21,13,19}
 París          | Guangzhou      | $1,544.36 |     1 | {25,22,20}
 París          | Los Ángeles    |   $235.35 |     0 | {25,21}
 París          | Moscú          |   $755.10 |     0 | {25,22}
 París          | Shenzhen       | $1,629.30 |     1 | {25,22,26}
 París          | Bangalore      |   $880.25 |     1 | {25,21,29}
 Shenzhen       | Tokio          | $1,289.49 |     2 | {26,4,23,1}
 Shenzhen       | Shanghai       | $1,326.18 |     2 | {26,8,18,3}
 Shenzhen       | Sao Paulo      |   $399.73 |     0 | {26,4}
 Shenzhen       | Mumbai         | $1,885.67 |     2 | {26,8,30,5}
 Shenzhen       | Osaka          |   $750.80 |     0 | {26,8}
 Shenzhen       | Nueva York     |   $991.35 |     2 | {26,4,27,10}
 Shenzhen       | Kolkata        | $1,165.79 |     2 | {26,4,23,14}
 Shenzhen       | Lagos          | $1,301.44 |     2 | {26,8,18,17}
 Shenzhen       | Manila         | $1,152.99 |     1 | {26,8,18}
 Shenzhen       | Rio de Janeiro | $1,678.50 |     2 | {26,4,27,19}
 Shenzhen       | Kinshasa       |   $648.62 |     1 | {26,4,23}
 Shenzhen       | Jakarta        |   $864.82 |     1 | {26,4,27}
 Shenzhen       | Lima           | $1,642.47 |     1 | {26,8,30}
 Jakarta        | Tokio          | $1,618.12 |     2 | {27,19,9,1}
 Jakarta        | Pekín          | $1,329.57 |     2 | {27,10,28,7}
 Jakarta        | El Cairo       | $1,256.47 |     1 | {27,19,9}
 Jakarta        | Nueva York     |   $126.53 |     0 | {27,10}
 Jakarta        | Buenos Aires   |   $995.67 |     1 | {27,19,13}
 Jakarta        | Estambul       |   $880.50 |     1 | {27,10,15}
 Jakarta        | Rio de Janeiro |   $813.68 |     0 | {27,19}
 Jakarta        | Los Ángeles    | $1,817.31 |     2 | {27,19,13,21}
 Jakarta        | Moscú          | $1,797.00 |     2 | {27,19,9,22}
 Jakarta        | Shenzhen       | $1,180.77 |     2 | {27,10,15,26}
 Jakarta        | Londres        |   $649.42 |     1 | {27,10,28}
 Jakarta        | Bangalore      |   $754.64 |     2 | {27,10,28,29}
 Londres        | Mexico City    |   $578.95 |     1 | {28,29,6}
 Londres        | Pekín          |   $680.15 |     0 | {28,7}
 Londres        | El Cairo       |   $745.84 |     2 | {28,29,19,9}
 Londres        | Dhaka          | $1,007.90 |     1 | {28,7,11}
 Londres        | Karachi        | $1,529.01 |     1 | {28,7,12}
 Londres        | Buenos Aires   |   $485.04 |     2 | {28,29,19,13}
 Londres        | Rio de Janeiro |   $303.05 |     1 | {28,29,19}
 Londres        | Kinshasa       | $1,206.44 |     2 | {28,7,11,23}
 Londres        | París          | $1,219.68 |     2 | {28,7,11,25}
 Londres        | Bangalore      |   $105.22 |     0 | {28,29}
 Londres        | Lima           | $1,348.63 |     2 | {28,29,6,30}
 Bangalore      | Tokio          | $1,002.27 |     2 | {29,19,9,1}
 Bangalore      | Mumbai         | $1,486.61 |     2 | {29,6,30,5}
 Bangalore      | Mexico City    |   $473.73 |     0 | {29,6}
 Bangalore      | El Cairo       |   $640.62 |     1 | {29,19,9}
 Bangalore      | Dhaka          | $1,134.11 |     1 | {29,6,11}
 Bangalore      | Buenos Aires   |   $379.82 |     1 | {29,19,13}
 Bangalore      | Manila         | $1,773.71 |     2 | {29,6,30,18}
 Bangalore      | Rio de Janeiro |   $197.83 |     0 | {29,19}
 Bangalore      | Los Ángeles    | $1,201.46 |     2 | {29,19,13,21}
 Bangalore      | Moscú          | $1,181.15 |     2 | {29,19,9,22}
 Bangalore      | Kinshasa       | $1,332.65 |     2 | {29,6,11,23}
 Bangalore      | París          | $1,345.89 |     2 | {29,6,11,25}
 Bangalore      | Lima           | $1,243.41 |     1 | {29,6,30}
 Lima           | Tokio          |   $954.84 |     2 | {30,5,9,1}
 Lima           | Shanghai       |   $703.49 |     1 | {30,18,3}
 Lima           | Mumbai         |   $243.20 |     0 | {30,5}
 Lima           | El Cairo       |   $593.19 |     1 | {30,5,9}
 Lima           | Chongqing      | $1,303.19 |     2 | {30,18,17,16}
 Lima           | Lagos          |   $678.75 |     1 | {30,18,17}
 Lima           | Manila         |   $530.30 |     0 | {30,18}
 Lima           | Los Ángeles    |   $852.37 |     2 | {30,5,25,21}
 Lima           | Moscú          | $1,133.72 |     2 | {30,5,9,22}
 Lima           | París          |   $617.02 |     1 | {30,5,25}
 Lima           | Jakarta        |   $937.70 |     2 | {30,18,3,27}
(336 rows)

-- PREGUNTA 2c
-- Se ejecuta la funcion
-- shortest_path( origin_city, table_name_out, steps ) sobre
-- cada ciudad en la lista de ciudades sin paradas maximas
SELECT shortest_path( c.id, 'pregunta_2c')
FROM city as c;
 shortest_path 
---------------
 DONE!
 DONE!
 DONE!
 DONE!
 DONE!
 DONE!
 DONE!
 DONE!
 DONE!
 DONE!
 DONE!
 DONE!
 DONE!
 DONE!
 DONE!
 DONE!
 DONE!
 DONE!
 DONE!
 DONE!
 DONE!
 DONE!
 DONE!
 DONE!
 DONE!
 DONE!
 DONE!
 DONE!
 DONE!
 DONE!
(30 rows)

-- MOSTRAMOS EL RESULTADO
SELECT o.name as origin, f.name as destination, p1.price as min_cost, p1.steps, p1.visited as path
FROM pregunta_2c as p1
JOIN city as o ON o.id = p1.from_city
JOIN city as f ON f.id = p1.to_city;
     origin     |  destination   | min_cost  | steps |             path              
----------------+----------------+-----------+-------+-------------------------------
 Tokio          | Shanghai       | $3,272.34 |     5 | {1,10,15,26,8,18,3}
 Tokio          | Sao Paulo      | $2,345.89 |     3 | {1,10,15,26,4}
 Tokio          | Mumbai         |   $849.85 |     0 | {1,5}
 Tokio          | Mexico City    | $1,993.76 |     3 | {1,10,28,29,6}
 Tokio          | Pekín          | $2,094.96 |     2 | {1,10,28,7}
 Tokio          | Osaka          | $2,696.96 |     3 | {1,10,15,26,8}
 Tokio          | El Cairo       | $1,199.84 |     1 | {1,5,9}
 Tokio          | Nueva York     |   $891.92 |     0 | {1,10}
 Tokio          | Dhaka          | $2,422.71 |     3 | {1,10,28,7,11}
 Tokio          | Karachi        | $2,943.82 |     3 | {1,10,28,7,12}
 Tokio          | Buenos Aires   | $1,891.56 |     3 | {1,5,25,21,13}
 Tokio          | Kolkata        | $3,033.86 |     4 | {1,5,9,22,20,14}
 Tokio          | Estambul       | $1,645.89 |     1 | {1,10,15}
 Tokio          | Chongqing      | $3,872.04 |     6 | {1,10,15,26,8,18,17,16}
 Tokio          | Lagos          | $3,247.60 |     5 | {1,10,15,26,8,18,17}
 Tokio          | Manila         | $3,099.15 |     4 | {1,10,15,26,8,18}
 Tokio          | Rio de Janeiro | $1,717.86 |     3 | {1,10,28,29,19}
 Tokio          | Guangzhou      | $2,529.63 |     3 | {1,5,9,22,20}
 Tokio          | Los Ángeles    | $1,459.02 |     2 | {1,5,25,21}
 Tokio          | Moscú          | $1,740.37 |     2 | {1,5,9,22}
 Tokio          | Kinshasa       | $2,594.78 |     4 | {1,10,15,26,4,23}
 Tokio          | París          | $1,223.67 |     1 | {1,5,25}
 Tokio          | Shenzhen       | $1,946.16 |     2 | {1,10,15,26}
 Tokio          | Jakarta        | $2,810.98 |     4 | {1,10,15,26,4,27}
 Tokio          | Londres        | $1,414.81 |     1 | {1,10,28}
 Tokio          | Bangalore      | $1,520.03 |     2 | {1,10,28,29}
 Tokio          | Lima           | $2,763.44 |     4 | {1,10,28,29,6,30}
 Delhi          | Tokio          | $1,338.94 |     2 | {2,19,9,1}
 Delhi          | Shanghai       | $3,153.64 |     6 | {2,27,10,15,26,8,18,3}
 Delhi          | Sao Paulo      | $2,227.19 |     4 | {2,27,10,15,26,4}
 Delhi          | Mumbai         | $2,188.79 |     3 | {2,19,9,1,5}
 Delhi          | Mexico City    | $1,875.06 |     4 | {2,27,10,28,29,6}
 Delhi          | Pekín          | $1,976.26 |     3 | {2,27,10,28,7}
 Delhi          | Osaka          | $2,578.26 |     4 | {2,27,10,15,26,8}
 Delhi          | El Cairo       |   $977.29 |     1 | {2,19,9}
 Delhi          | Nueva York     |   $773.22 |     1 | {2,27,10}
 Delhi          | Dhaka          | $2,304.01 |     4 | {2,27,10,28,7,11}
 Delhi          | Karachi        | $2,825.12 |     4 | {2,27,10,28,7,12}
 Delhi          | Buenos Aires   |   $716.49 |     1 | {2,19,13}
 Delhi          | Kolkata        | $2,811.31 |     4 | {2,19,9,22,20,14}
 Delhi          | Estambul       | $1,527.19 |     2 | {2,27,10,15}
 Delhi          | Chongqing      | $3,753.34 |     7 | {2,27,10,15,26,8,18,17,16}
 Delhi          | Lagos          | $3,128.90 |     6 | {2,27,10,15,26,8,18,17}
 Delhi          | Manila         | $2,980.45 |     5 | {2,27,10,15,26,8,18}
 Delhi          | Rio de Janeiro |   $534.50 |     0 | {2,19}
 Delhi          | Guangzhou      | $2,307.08 |     3 | {2,19,9,22,20}
 Delhi          | Los Ángeles    | $1,538.13 |     2 | {2,19,13,21}
 Delhi          | Moscú          | $1,517.82 |     2 | {2,19,9,22}
 Delhi          | Kinshasa       | $2,476.08 |     5 | {2,27,10,15,26,4,23}
 Delhi          | París          | $2,515.79 |     5 | {2,27,10,28,7,11,25}
 Delhi          | Shenzhen       | $1,827.46 |     3 | {2,27,10,15,26}
 Delhi          | Jakarta        |   $646.69 |     0 | {2,27}
 Delhi          | Londres        | $1,296.11 |     2 | {2,27,10,28}
 Delhi          | Bangalore      | $1,401.33 |     3 | {2,27,10,28,29}
 Delhi          | Lima           | $2,644.74 |     5 | {2,27,10,28,29,6,30}
 Shanghai       | Tokio          |   $462.93 |     1 | {3,9,1}
 Shanghai       | Sao Paulo      | $1,814.71 |     4 | {3,27,10,15,26,4}
 Shanghai       | Mumbai         | $1,312.78 |     2 | {3,9,1,5}
 Shanghai       | Mexico City    | $1,462.58 |     4 | {3,27,10,28,29,6}
 Shanghai       | Pekín          | $1,563.78 |     3 | {3,27,10,28,7}
 Shanghai       | Osaka          | $2,165.78 |     4 | {3,27,10,15,26,8}
 Shanghai       | El Cairo       |   $101.28 |     0 | {3,9}
 Shanghai       | Nueva York     |   $360.74 |     1 | {3,27,10}
 Shanghai       | Dhaka          | $1,891.53 |     4 | {3,27,10,28,7,11}
 Shanghai       | Karachi        | $2,412.64 |     4 | {3,27,10,28,7,12}
 Shanghai       | Buenos Aires   | $1,229.88 |     2 | {3,27,19,13}
 Shanghai       | Kolkata        | $1,935.30 |     3 | {3,9,22,20,14}
 Shanghai       | Estambul       | $1,114.71 |     2 | {3,27,10,15}
 Shanghai       | Chongqing      | $3,340.86 |     7 | {3,27,10,15,26,8,18,17,16}
 Shanghai       | Lagos          | $2,716.42 |     6 | {3,27,10,15,26,8,18,17}
 Shanghai       | Manila         | $2,567.97 |     5 | {3,27,10,15,26,8,18}
 Shanghai       | Rio de Janeiro | $1,047.89 |     1 | {3,27,19}
 Shanghai       | Guangzhou      | $1,431.07 |     2 | {3,9,22,20}
 Shanghai       | Los Ángeles    | $1,921.95 |     4 | {3,9,1,5,25,21}
 Shanghai       | Moscú          |   $641.81 |     1 | {3,9,22}
 Shanghai       | Kinshasa       | $2,063.60 |     5 | {3,27,10,15,26,4,23}
 Shanghai       | París          | $1,686.60 |     3 | {3,9,1,5,25}
 Shanghai       | Shenzhen       | $1,414.98 |     3 | {3,27,10,15,26}
 Shanghai       | Jakarta        |   $234.21 |     0 | {3,27}
 Shanghai       | Londres        |   $883.63 |     2 | {3,27,10,28}
 Shanghai       | Bangalore      |   $988.85 |     3 | {3,27,10,28,29}
 Shanghai       | Lima           | $2,232.26 |     5 | {3,27,10,28,29,6,30}
 Sao Paulo      | Tokio          |   $889.76 |     1 | {4,23,1}
 Sao Paulo      | Shanghai       | $2,972.04 |     6 | {4,27,10,15,26,8,18,3}
 Sao Paulo      | Mumbai         | $1,739.61 |     2 | {4,23,1,5}
 Sao Paulo      | Mexico City    | $1,693.46 |     4 | {4,27,10,28,29,6}
 Sao Paulo      | Pekín          | $1,794.66 |     3 | {4,27,10,28,7}
 Sao Paulo      | Osaka          | $2,396.66 |     4 | {4,27,10,15,26,8}
 Sao Paulo      | El Cairo       | $1,540.35 |     3 | {4,23,14,19,9}
 Sao Paulo      | Nueva York     |   $591.62 |     1 | {4,27,10}
 Sao Paulo      | Dhaka          | $2,122.41 |     4 | {4,27,10,28,7,11}
 Sao Paulo      | Karachi        | $2,643.52 |     4 | {4,27,10,28,7,12}
 Sao Paulo      | Buenos Aires   | $1,279.55 |     3 | {4,23,14,19,13}
 Sao Paulo      | Kolkata        |   $766.06 |     1 | {4,23,14}
 Sao Paulo      | Estambul       | $1,345.59 |     2 | {4,27,10,15}
 Sao Paulo      | Chongqing      | $3,571.74 |     7 | {4,27,10,15,26,8,18,17,16}
 Sao Paulo      | Lagos          | $2,947.30 |     6 | {4,27,10,15,26,8,18,17}
 Sao Paulo      | Manila         | $2,798.85 |     5 | {4,27,10,15,26,8,18}
 Sao Paulo      | Rio de Janeiro | $1,097.56 |     2 | {4,23,14,19}
 Sao Paulo      | Guangzhou      | $2,870.14 |     5 | {4,23,14,19,9,22,20}
 Sao Paulo      | Los Ángeles    | $2,101.19 |     4 | {4,23,14,19,13,21}
 Sao Paulo      | Moscú          | $2,080.88 |     4 | {4,23,14,19,9,22}
 Sao Paulo      | Kinshasa       |   $248.89 |     0 | {4,23}
 Sao Paulo      | París          | $2,113.43 |     3 | {4,23,1,5,25}
 Sao Paulo      | Shenzhen       | $1,645.86 |     3 | {4,27,10,15,26}
 Sao Paulo      | Jakarta        |   $465.09 |     0 | {4,27}
 Sao Paulo      | Londres        | $1,114.51 |     2 | {4,27,10,28}
 Sao Paulo      | Bangalore      | $1,219.73 |     3 | {4,27,10,28,29}
 Sao Paulo      | Lima           | $2,463.14 |     5 | {4,27,10,28,29,6,30}
 Mumbai         | Tokio          |   $711.64 |     1 | {5,9,1}
 Mumbai         | Shanghai       | $3,090.90 |     5 | {5,9,22,26,8,18,3}
 Mumbai         | Sao Paulo      | $2,164.45 |     3 | {5,9,22,26,4}
 Mumbai         | Mexico City    | $1,727.80 |     3 | {5,25,21,29,6}
 Mumbai         | Pekín          | $2,806.60 |     4 | {5,9,1,10,28,7}
 Mumbai         | Osaka          | $2,515.52 |     3 | {5,9,22,26,8}
 Mumbai         | El Cairo       |   $349.99 |     0 | {5,9}
 Mumbai         | Nueva York     | $1,603.56 |     2 | {5,9,1,10}
 Mumbai         | Dhaka          | $2,388.18 |     4 | {5,25,21,29,6,11}
 Mumbai         | Karachi        | $3,655.46 |     5 | {5,9,1,10,28,7,12}
 Mumbai         | Buenos Aires   | $1,041.71 |     2 | {5,25,21,13}
 Mumbai         | Kolkata        | $2,184.01 |     3 | {5,9,22,20,14}
 Mumbai         | Estambul       | $2,357.53 |     3 | {5,9,1,10,15}
 Mumbai         | Chongqing      | $3,690.60 |     6 | {5,9,22,26,8,18,17,16}
 Mumbai         | Lagos          | $3,066.16 |     5 | {5,9,22,26,8,18,17}
 Mumbai         | Manila         | $2,917.71 |     4 | {5,9,22,26,8,18}
 Mumbai         | Rio de Janeiro | $1,260.65 |     3 | {5,25,21,13,19}
 Mumbai         | Guangzhou      | $1,679.78 |     2 | {5,9,22,20}
 Mumbai         | Los Ángeles    |   $609.17 |     1 | {5,25,21}
 Mumbai         | Moscú          |   $890.52 |     1 | {5,9,22}
 Mumbai         | Kinshasa       | $2,413.34 |     4 | {5,9,22,26,4,23}
 Mumbai         | París          |   $373.82 |     0 | {5,25}
 Mumbai         | Shenzhen       | $1,764.72 |     2 | {5,9,22,26}
 Mumbai         | Jakarta        | $2,629.54 |     4 | {5,9,22,26,4,27}
 Mumbai         | Londres        | $2,126.45 |     3 | {5,9,1,10,28}
 Mumbai         | Bangalore      | $1,254.07 |     2 | {5,25,21,29}
 Mumbai         | Lima           | $2,497.48 |     4 | {5,25,21,29,6,30}
 Mexico City    | Tokio          | $1,499.79 |     2 | {6,11,23,1}
 Mexico City    | Shanghai       | $1,473.17 |     2 | {6,30,18,3}
 Mexico City    | Sao Paulo      | $2,901.19 |     4 | {6,11,25,22,26,4}
 Mexico City    | Mumbai         | $1,012.88 |     1 | {6,30,5}
 Mexico City    | Pekín          | $3,036.95 |     6 | {6,30,18,3,27,10,28,7}
 Mexico City    | Osaka          | $3,252.26 |     4 | {6,11,25,22,26,8}
 Mexico City    | El Cairo       | $1,362.87 |     2 | {6,30,5,9}
 Mexico City    | Nueva York     | $1,833.91 |     4 | {6,30,18,3,27,10}
 Mexico City    | Dhaka          |   $660.38 |     0 | {6,11}
 Mexico City    | Karachi        | $3,885.81 |     7 | {6,30,18,3,27,10,28,7,12}
 Mexico City    | Buenos Aires   | $1,540.05 |     3 | {6,11,25,21,13}
 Mexico City    | Kolkata        | $1,376.09 |     2 | {6,11,23,14}
 Mexico City    | Estambul       | $2,587.88 |     5 | {6,30,18,3,27,10,15}
 Mexico City    | Chongqing      | $2,072.87 |     3 | {6,30,18,17,16}
 Mexico City    | Lagos          | $1,448.43 |     2 | {6,30,18,17}
 Mexico City    | Manila         | $1,299.98 |     1 | {6,30,18}
 Mexico City    | Rio de Janeiro | $1,707.59 |     3 | {6,11,23,14,19}
 Mexico City    | Guangzhou      | $2,416.52 |     3 | {6,11,25,22,20}
 Mexico City    | Los Ángeles    | $1,107.51 |     2 | {6,11,25,21}
 Mexico City    | Moscú          | $1,627.26 |     2 | {6,11,25,22}
 Mexico City    | Kinshasa       |   $858.92 |     1 | {6,11,23}
 Mexico City    | París          |   $872.16 |     1 | {6,11,25}
 Mexico City    | Shenzhen       | $2,501.46 |     3 | {6,11,25,22,26}
 Mexico City    | Jakarta        | $1,707.38 |     3 | {6,30,18,3,27}
 Mexico City    | Londres        | $2,356.80 |     5 | {6,30,18,3,27,10,28}
 Mexico City    | Bangalore      | $1,752.41 |     3 | {6,11,25,21,29}
 Mexico City    | Lima           |   $769.68 |     0 | {6,30}
 Pekín          | Tokio          | $1,167.16 |     2 | {7,11,23,1}
 Pekín          | Shanghai       | $3,366.68 |     7 | {7,11,25,21,29,6,30,18,3}
 Pekín          | Sao Paulo      | $2,568.56 |     4 | {7,11,25,22,26,4}
 Pekín          | Mumbai         | $2,017.01 |     3 | {7,11,23,1,5}
 Pekín          | Mexico City    | $1,893.51 |     4 | {7,11,25,21,29,6}
 Pekín          | Osaka          | $2,919.63 |     4 | {7,11,25,22,26,8}
 Pekín          | El Cairo       | $1,817.75 |     4 | {7,11,23,14,19,9}
 Pekín          | Nueva York     | $2,059.08 |     3 | {7,11,23,1,10}
 Pekín          | Dhaka          |   $327.75 |     0 | {7,11}
 Pekín          | Karachi        |   $848.86 |     0 | {7,12}
 Pekín          | Buenos Aires   | $1,207.42 |     3 | {7,11,25,21,13}
 Pekín          | Kolkata        | $1,043.46 |     2 | {7,11,23,14}
 Pekín          | Estambul       | $2,813.05 |     4 | {7,11,23,1,10,15}
 Pekín          | Chongqing      | $3,966.38 |     8 | {7,11,25,21,29,6,30,18,17,16}
 Pekín          | Lagos          | $3,341.94 |     7 | {7,11,25,21,29,6,30,18,17}
 Pekín          | Manila         | $3,193.49 |     6 | {7,11,25,21,29,6,30,18}
 Pekín          | Rio de Janeiro | $1,374.96 |     3 | {7,11,23,14,19}
 Pekín          | Guangzhou      | $2,083.89 |     3 | {7,11,25,22,20}
 Pekín          | Los Ángeles    |   $774.88 |     2 | {7,11,25,21}
 Pekín          | Moscú          | $1,294.63 |     2 | {7,11,25,22}
 Pekín          | Kinshasa       |   $526.29 |     1 | {7,11,23}
 Pekín          | París          |   $539.53 |     1 | {7,11,25}
 Pekín          | Shenzhen       | $2,168.83 |     3 | {7,11,25,22,26}
 Pekín          | Jakarta        | $3,033.65 |     5 | {7,11,25,22,26,4,27}
 Pekín          | Londres        | $2,581.97 |     4 | {7,11,23,1,10,28}
 Pekín          | Bangalore      | $1,419.78 |     3 | {7,11,25,21,29}
 Pekín          | Lima           | $2,663.19 |     5 | {7,11,25,21,29,6,30}
 Osaka          | Tokio          | $1,038.31 |     3 | {8,18,3,9,1}
 Osaka          | Shanghai       |   $575.38 |     1 | {8,18,3}
 Osaka          | Sao Paulo      | $2,081.02 |     4 | {8,18,17,16,26,4}
 Osaka          | Mumbai         | $1,134.87 |     1 | {8,30,5}
 Osaka          | Mexico City    | $2,037.96 |     6 | {8,18,3,27,10,28,29,6}
 Osaka          | Pekín          | $2,139.16 |     5 | {8,18,3,27,10,28,7}
 Osaka          | El Cairo       |   $676.66 |     2 | {8,18,3,9}
 Osaka          | Nueva York     |   $936.12 |     3 | {8,18,3,27,10}
 Osaka          | Dhaka          | $2,466.91 |     6 | {8,18,3,27,10,28,7,11}
 Osaka          | Karachi        | $2,988.02 |     6 | {8,18,3,27,10,28,7,12}
 Osaka          | Buenos Aires   | $1,537.79 |     4 | {8,18,17,25,21,13}
 Osaka          | Kolkata        | $2,510.68 |     5 | {8,18,3,9,22,20,14}
 Osaka          | Estambul       | $1,690.09 |     4 | {8,18,3,27,10,15}
 Osaka          | Chongqing      | $1,175.08 |     2 | {8,18,17,16}
 Osaka          | Lagos          |   $550.64 |     1 | {8,18,17}
 Osaka          | Manila         |   $402.19 |     0 | {8,18}
 Osaka          | Rio de Janeiro | $1,623.27 |     3 | {8,18,3,27,19}
 Osaka          | Guangzhou      | $2,006.45 |     4 | {8,18,3,9,22,20}
 Osaka          | Los Ángeles    | $1,105.25 |     3 | {8,18,17,25,21}
 Osaka          | Moscú          | $1,217.19 |     3 | {8,18,3,9,22}
 Osaka          | Kinshasa       | $2,329.91 |     5 | {8,18,17,16,26,4,23}
 Osaka          | París          |   $869.90 |     2 | {8,18,17,25}
 Osaka          | Shenzhen       | $1,681.29 |     3 | {8,18,17,16,26}
 Osaka          | Jakarta        |   $809.59 |     2 | {8,18,3,27}
 Osaka          | Londres        | $1,459.01 |     4 | {8,18,3,27,10,28}
 Osaka          | Bangalore      | $1,564.23 |     5 | {8,18,3,27,10,28,29}
 Osaka          | Lima           |   $891.67 |     0 | {8,30}
 El Cairo       | Tokio          |   $361.65 |     0 | {9,1}
 El Cairo       | Shanghai       | $2,740.91 |     4 | {9,22,26,8,18,3}
 El Cairo       | Sao Paulo      | $1,814.46 |     2 | {9,22,26,4}
 El Cairo       | Mumbai         | $1,211.50 |     1 | {9,1,5}
 El Cairo       | Mexico City    | $2,355.41 |     4 | {9,1,10,28,29,6}
 El Cairo       | Pekín          | $2,456.61 |     3 | {9,1,10,28,7}
 El Cairo       | Osaka          | $2,165.53 |     2 | {9,22,26,8}
 El Cairo       | Nueva York     | $1,253.57 |     1 | {9,1,10}
 El Cairo       | Dhaka          | $2,784.36 |     4 | {9,1,10,28,7,11}
 El Cairo       | Karachi        | $3,305.47 |     4 | {9,1,10,28,7,12}
 El Cairo       | Buenos Aires   | $1,971.34 |     2 | {9,22,20,13}
 El Cairo       | Kolkata        | $1,834.02 |     2 | {9,22,20,14}
 El Cairo       | Estambul       | $2,007.54 |     2 | {9,1,10,15}
 El Cairo       | Chongqing      | $3,340.61 |     5 | {9,22,26,8,18,17,16}
 El Cairo       | Lagos          | $2,716.17 |     4 | {9,22,26,8,18,17}
 El Cairo       | Manila         | $2,567.72 |     3 | {9,22,26,8,18}
 El Cairo       | Rio de Janeiro | $2,079.51 |     4 | {9,1,10,28,29,19}
 El Cairo       | Guangzhou      | $1,329.79 |     1 | {9,22,20}
 El Cairo       | Los Ángeles    | $1,820.67 |     3 | {9,1,5,25,21}
 El Cairo       | Moscú          |   $540.53 |     0 | {9,22}
 El Cairo       | Kinshasa       | $2,063.35 |     3 | {9,22,26,4,23}
 El Cairo       | París          | $1,585.32 |     2 | {9,1,5,25}
 El Cairo       | Shenzhen       | $1,414.73 |     1 | {9,22,26}
 El Cairo       | Jakarta        | $2,279.55 |     3 | {9,22,26,4,27}
 El Cairo       | Londres        | $1,776.46 |     2 | {9,1,10,28}
 El Cairo       | Bangalore      | $1,881.68 |     3 | {9,1,10,28,29}
 El Cairo       | Lima           | $3,057.20 |     3 | {9,22,26,8,30}
 Nueva York     | Tokio          | $1,630.38 |     4 | {10,28,29,19,9,1}
 Nueva York     | Shanghai       | $2,380.42 |     4 | {10,15,26,8,18,3}
 Nueva York     | Sao Paulo      | $1,453.97 |     2 | {10,15,26,4}
 Nueva York     | Mumbai         | $2,114.72 |     4 | {10,28,29,6,30,5}
 Nueva York     | Mexico City    | $1,101.84 |     2 | {10,28,29,6}
 Nueva York     | Pekín          | $1,203.04 |     1 | {10,28,7}
 Nueva York     | Osaka          | $1,805.04 |     2 | {10,15,26,8}
 Nueva York     | El Cairo       | $1,268.73 |     3 | {10,28,29,19,9}
 Nueva York     | Dhaka          | $1,530.79 |     2 | {10,28,7,11}
 Nueva York     | Karachi        | $2,051.90 |     2 | {10,28,7,12}
 Nueva York     | Buenos Aires   | $1,007.93 |     3 | {10,28,29,19,13}
 Nueva York     | Kolkata        | $2,220.03 |     4 | {10,15,26,4,23,14}
 Nueva York     | Estambul       |   $753.97 |     0 | {10,15}
 Nueva York     | Chongqing      | $2,980.12 |     5 | {10,15,26,8,18,17,16}
 Nueva York     | Lagos          | $2,355.68 |     4 | {10,15,26,8,18,17}
 Nueva York     | Manila         | $2,207.23 |     3 | {10,15,26,8,18}
 Nueva York     | Rio de Janeiro |   $825.94 |     2 | {10,28,29,19}
 Nueva York     | Guangzhou      | $2,598.52 |     5 | {10,28,29,19,9,22,20}
 Nueva York     | Los Ángeles    | $1,829.57 |     4 | {10,28,29,19,13,21}
 Nueva York     | Moscú          | $1,809.26 |     4 | {10,28,29,19,9,22}
 Nueva York     | Kinshasa       | $1,702.86 |     3 | {10,15,26,4,23}
 Nueva York     | París          | $1,742.57 |     3 | {10,28,7,11,25}
 Nueva York     | Shenzhen       | $1,054.24 |     1 | {10,15,26}
 Nueva York     | Jakarta        | $1,919.06 |     3 | {10,15,26,4,27}
 Nueva York     | Londres        |   $522.89 |     0 | {10,28}
 Nueva York     | Bangalore      |   $628.11 |     1 | {10,28,29}
 Nueva York     | Lima           | $1,871.52 |     3 | {10,28,29,6,30}
 Dhaka          | Tokio          |   $839.41 |     1 | {11,23,1}
 Dhaka          | Shanghai       | $3,038.93 |     6 | {11,25,21,29,6,30,18,3}
 Dhaka          | Sao Paulo      | $2,240.81 |     3 | {11,25,22,26,4}
 Dhaka          | Mumbai         | $1,689.26 |     2 | {11,23,1,5}
 Dhaka          | Mexico City    | $1,565.76 |     3 | {11,25,21,29,6}
 Dhaka          | Pekín          | $2,934.37 |     4 | {11,23,1,10,28,7}
 Dhaka          | Osaka          | $2,591.88 |     3 | {11,25,22,26,8}
 Dhaka          | El Cairo       | $1,490.00 |     3 | {11,23,14,19,9}
 Dhaka          | Nueva York     | $1,731.33 |     2 | {11,23,1,10}
 Dhaka          | Karachi        | $3,783.23 |     5 | {11,23,1,10,28,7,12}
 Dhaka          | Buenos Aires   |   $879.67 |     2 | {11,25,21,13}
 Dhaka          | Kolkata        |   $715.71 |     1 | {11,23,14}
 Dhaka          | Estambul       | $2,485.30 |     3 | {11,23,1,10,15}
 Dhaka          | Chongqing      | $3,638.63 |     7 | {11,25,21,29,6,30,18,17,16}
 Dhaka          | Lagos          | $3,014.19 |     6 | {11,25,21,29,6,30,18,17}
 Dhaka          | Manila         | $2,865.74 |     5 | {11,25,21,29,6,30,18}
 Dhaka          | Rio de Janeiro | $1,047.21 |     2 | {11,23,14,19}
 Dhaka          | Guangzhou      | $1,756.14 |     2 | {11,25,22,20}
 Dhaka          | Los Ángeles    |   $447.13 |     1 | {11,25,21}
 Dhaka          | Moscú          |   $966.88 |     1 | {11,25,22}
 Dhaka          | Kinshasa       |   $198.54 |     0 | {11,23}
 Dhaka          | París          |   $211.78 |     0 | {11,25}
 Dhaka          | Shenzhen       | $1,841.08 |     2 | {11,25,22,26}
 Dhaka          | Jakarta        | $2,705.90 |     4 | {11,25,22,26,4,27}
 Dhaka          | Londres        | $2,254.22 |     3 | {11,23,1,10,28}
 Dhaka          | Bangalore      | $1,092.03 |     2 | {11,25,21,29}
 Dhaka          | Lima           | $2,335.44 |     4 | {11,25,21,29,6,30}
 Karachi        | Tokio          | $1,090.29 |     2 | {12,11,23,1}
 Karachi        | Shanghai       | $2,666.02 |     4 | {12,29,6,30,18,3}
 Karachi        | Sao Paulo      | $2,491.69 |     4 | {12,11,25,22,26,4}
 Karachi        | Mumbai         | $1,940.14 |     3 | {12,11,23,1,5}
 Karachi        | Mexico City    | $1,192.85 |     1 | {12,29,6}
 Karachi        | Pekín          | $3,185.25 |     5 | {12,11,23,1,10,28,7}
 Karachi        | Osaka          | $2,842.76 |     4 | {12,11,25,22,26,8}
 Karachi        | El Cairo       | $1,359.74 |     2 | {12,29,19,9}
 Karachi        | Nueva York     | $1,982.21 |     3 | {12,11,23,1,10}
 Karachi        | Dhaka          |   $250.88 |     0 | {12,11}
 Karachi        | Buenos Aires   | $1,098.94 |     2 | {12,29,19,13}
 Karachi        | Kolkata        |   $966.59 |     2 | {12,11,23,14}
 Karachi        | Estambul       | $2,736.18 |     4 | {12,11,23,1,10,15}
 Karachi        | Chongqing      | $3,265.72 |     5 | {12,29,6,30,18,17,16}
 Karachi        | Lagos          | $2,641.28 |     4 | {12,29,6,30,18,17}
 Karachi        | Manila         | $2,492.83 |     3 | {12,29,6,30,18}
 Karachi        | Rio de Janeiro |   $916.95 |     1 | {12,29,19}
 Karachi        | Guangzhou      | $2,007.02 |     3 | {12,11,25,22,20}
 Karachi        | Los Ángeles    |   $698.01 |     2 | {12,11,25,21}
 Karachi        | Moscú          | $1,217.76 |     2 | {12,11,25,22}
 Karachi        | Kinshasa       |   $449.42 |     1 | {12,11,23}
 Karachi        | París          |   $462.66 |     1 | {12,11,25}
 Karachi        | Shenzhen       | $2,091.96 |     3 | {12,11,25,22,26}
 Karachi        | Jakarta        | $2,900.23 |     5 | {12,29,6,30,18,3,27}
 Karachi        | Londres        | $2,505.10 |     4 | {12,11,23,1,10,28}
 Karachi        | Bangalore      |   $719.12 |     0 | {12,29}
 Karachi        | Lima           | $1,962.53 |     2 | {12,29,6,30}
 Buenos Aires   | Tokio          | $1,023.38 |     2 | {13,19,9,1}
 Buenos Aires   | Shanghai       | $3,402.64 |     6 | {13,19,9,22,26,8,18,3}
 Buenos Aires   | Sao Paulo      | $2,476.19 |     4 | {13,19,9,22,26,4}
 Guangzhou      | Buenos Aires   |   $641.55 |     0 | {20,13}
 Buenos Aires   | Mumbai         | $1,873.23 |     3 | {13,19,9,1,5}
 Buenos Aires   | Mexico City    | $1,940.27 |     2 | {13,21,29,6}
 Buenos Aires   | Pekín          | $3,118.34 |     5 | {13,19,9,1,10,28,7}
 Buenos Aires   | Osaka          | $2,827.26 |     4 | {13,19,9,22,26,8}
 Buenos Aires   | El Cairo       |   $661.73 |     1 | {13,19,9}
 Buenos Aires   | Nueva York     | $1,915.30 |     3 | {13,19,9,1,10}
 Buenos Aires   | Dhaka          | $2,600.65 |     3 | {13,21,29,6,11}
 Buenos Aires   | Karachi        | $3,967.20 |     6 | {13,19,9,1,10,28,7,12}
 Buenos Aires   | Kolkata        | $2,495.75 |     4 | {13,19,9,22,20,14}
 Buenos Aires   | Estambul       | $2,669.27 |     4 | {13,19,9,1,10,15}
 Buenos Aires   | Chongqing      | $4,002.34 |     7 | {13,19,9,22,26,8,18,17,16}
 Buenos Aires   | Lagos          | $3,377.90 |     6 | {13,19,9,22,26,8,18,17}
 Buenos Aires   | Manila         | $3,229.45 |     5 | {13,19,9,22,26,8,18}
 Buenos Aires   | Rio de Janeiro |   $218.94 |     0 | {13,19}
 Buenos Aires   | Guangzhou      | $1,991.52 |     3 | {13,19,9,22,20}
 Buenos Aires   | Los Ángeles    |   $821.64 |     0 | {13,21}
 Buenos Aires   | Moscú          | $1,202.26 |     2 | {13,19,9,22}
 Buenos Aires   | Kinshasa       | $2,725.08 |     5 | {13,19,9,22,26,4,23}
 Buenos Aires   | París          | $2,247.05 |     4 | {13,19,9,1,5,25}
 Buenos Aires   | Shenzhen       | $2,076.46 |     3 | {13,19,9,22,26}
 Buenos Aires   | Jakarta        | $2,941.28 |     5 | {13,19,9,22,26,4,27}
 Buenos Aires   | Londres        | $2,438.19 |     4 | {13,19,9,1,10,28}
 Buenos Aires   | Bangalore      | $1,466.54 |     1 | {13,21,29}
 Buenos Aires   | Lima           | $2,709.95 |     3 | {13,21,29,6,30}
 Kolkata        | Tokio          |   $589.79 |     0 | {14,1}
 Kolkata        | Shanghai       | $3,515.20 |     6 | {14,19,9,22,26,8,18,3}
 Kolkata        | Sao Paulo      | $2,588.75 |     4 | {14,19,9,22,26,4}
 Kolkata        | Mumbai         | $1,439.64 |     1 | {14,1,5}
 Kolkata        | Mexico City    | $2,453.76 |     4 | {14,19,13,21,29,6}
 Kolkata        | Pekín          | $2,684.75 |     3 | {14,1,10,28,7}
 Kolkata        | Osaka          | $2,939.82 |     4 | {14,19,9,22,26,8}
 Kolkata        | El Cairo       |   $774.29 |     1 | {14,19,9}
 Kolkata        | Nueva York     | $1,481.71 |     1 | {14,1,10}
 Kolkata        | Dhaka          | $3,012.50 |     4 | {14,1,10,28,7,11}
 Kolkata        | Karachi        | $3,533.61 |     4 | {14,1,10,28,7,12}
 Kolkata        | Buenos Aires   |   $513.49 |     1 | {14,19,13}
 Kolkata        | Estambul       | $2,235.68 |     2 | {14,1,10,15}
 Kolkata        | Chongqing      | $4,114.90 |     7 | {14,19,9,22,26,8,18,17,16}
 Kolkata        | Lagos          | $3,490.46 |     6 | {14,19,9,22,26,8,18,17}
 Kolkata        | Manila         | $3,342.01 |     5 | {14,19,9,22,26,8,18}
 Kolkata        | Rio de Janeiro |   $331.50 |     0 | {14,19}
 Kolkata        | Guangzhou      | $2,104.08 |     3 | {14,19,9,22,20}
 Kolkata        | Los Ángeles    | $1,335.13 |     2 | {14,19,13,21}
 Kolkata        | Moscú          | $1,314.82 |     2 | {14,19,9,22}
 Kolkata        | Kinshasa       | $2,837.64 |     5 | {14,19,9,22,26,4,23}
 Kolkata        | París          | $1,813.46 |     2 | {14,1,5,25}
 Kolkata        | Shenzhen       | $2,189.02 |     3 | {14,19,9,22,26}
 Kolkata        | Jakarta        | $3,053.84 |     5 | {14,19,9,22,26,4,27}
 Kolkata        | Londres        | $2,004.60 |     2 | {14,1,10,28}
 Kolkata        | Bangalore      | $1,980.03 |     3 | {14,19,13,21,29}
 Kolkata        | Lima           | $3,223.44 |     5 | {14,19,13,21,29,6,30}
 Estambul       | Tokio          | $1,589.76 |     3 | {15,26,4,23,1}
 Estambul       | Shanghai       | $1,626.45 |     3 | {15,26,8,18,3}
 Estambul       | Sao Paulo      |   $700.00 |     1 | {15,26,4}
 Estambul       | Mumbai         | $2,185.94 |     3 | {15,26,8,30,5}
 Estambul       | Mexico City    | $1,936.91 |     3 | {15,10,28,29,6}
 Estambul       | Pekín          | $2,038.11 |     2 | {15,10,28,7}
 Estambul       | Osaka          | $1,051.07 |     1 | {15,26,8}
 Estambul       | El Cairo       | $1,727.73 |     4 | {15,26,8,18,3,9}
 Estambul       | Nueva York     |   $835.07 |     0 | {15,10}
 Estambul       | Dhaka          | $2,365.86 |     3 | {15,10,28,7,11}
 Estambul       | Karachi        | $2,886.97 |     3 | {15,10,28,7,12}
 Estambul       | Buenos Aires   | $1,843.00 |     4 | {15,10,28,29,19,13}
 Estambul       | Kolkata        | $1,466.06 |     3 | {15,26,4,23,14}
 Estambul       | Chongqing      | $2,226.15 |     4 | {15,26,8,18,17,16}
 Estambul       | Lagos          | $1,601.71 |     3 | {15,26,8,18,17}
 Estambul       | Manila         | $1,453.26 |     2 | {15,26,8,18}
 Estambul       | Rio de Janeiro | $1,661.01 |     3 | {15,10,28,29,19}
 Estambul       | Guangzhou      | $3,057.52 |     6 | {15,26,8,18,3,9,22,20}
 Estambul       | Los Ángeles    | $2,156.32 |     5 | {15,26,8,18,17,25,21}
 Estambul       | Moscú          | $2,268.26 |     5 | {15,26,8,18,3,9,22}
 Estambul       | Kinshasa       |   $948.89 |     2 | {15,26,4,23}
 Estambul       | París          | $1,920.97 |     4 | {15,26,8,18,17,25}
 Estambul       | Shenzhen       |   $300.27 |     0 | {15,26}
 Estambul       | Jakarta        | $1,165.09 |     2 | {15,26,4,27}
 Estambul       | Londres        | $1,357.96 |     1 | {15,10,28}
 Estambul       | Bangalore      | $1,463.18 |     2 | {15,10,28,29}
 Estambul       | Lima           | $1,942.74 |     2 | {15,26,8,30}
 Chongqing      | Tokio          | $1,166.39 |     2 | {16,5,9,1}
 Chongqing      | Shanghai       | $1,832.39 |     3 | {16,26,8,18,3}
 Chongqing      | Sao Paulo      |   $905.94 |     1 | {16,26,4}
 Chongqing      | Mumbai         |   $454.75 |     0 | {16,5}
 Chongqing      | Mexico City    | $2,182.55 |     4 | {16,5,25,21,29,6}
 Chongqing      | Pekín          | $2,700.60 |     5 | {16,26,4,27,10,28,7}
 Chongqing      | Osaka          | $1,257.01 |     1 | {16,26,8}
 Chongqing      | El Cairo       |   $804.74 |     1 | {16,5,9}
 Chongqing      | Nueva York     | $1,497.56 |     3 | {16,26,4,27,10}
 Chongqing      | Dhaka          | $2,842.93 |     5 | {16,5,25,21,29,6,11}
 Chongqing      | Karachi        | $3,549.46 |     6 | {16,26,4,27,10,28,7,12}
 Chongqing      | Buenos Aires   | $1,496.46 |     3 | {16,5,25,21,13}
 Chongqing      | Kolkata        | $1,672.00 |     3 | {16,26,4,23,14}
 Chongqing      | Estambul       | $2,251.53 |     4 | {16,26,4,27,10,15}
 Chongqing      | Lagos          | $1,807.65 |     3 | {16,26,8,18,17}
 Chongqing      | Manila         | $1,659.20 |     2 | {16,26,8,18}
 Chongqing      | Rio de Janeiro | $1,715.40 |     4 | {16,5,25,21,13,19}
 Chongqing      | Guangzhou      | $2,134.53 |     3 | {16,5,9,22,20}
 Chongqing      | Los Ángeles    | $1,063.92 |     2 | {16,5,25,21}
 Chongqing      | Moscú          | $1,345.27 |     2 | {16,5,9,22}
 Chongqing      | Kinshasa       | $1,154.83 |     2 | {16,26,4,23}
 Chongqing      | París          |   $828.57 |     1 | {16,5,25}
 Chongqing      | Shenzhen       |   $506.21 |     0 | {16,26}
 Chongqing      | Jakarta        | $1,371.03 |     2 | {16,26,4,27}
 Chongqing      | Londres        | $2,020.45 |     4 | {16,26,4,27,10,28}
 Chongqing      | Bangalore      | $1,708.82 |     3 | {16,5,25,21,29}
 Chongqing      | Lima           | $2,148.68 |     2 | {16,26,8,30}
 Lagos          | Tokio          | $1,790.83 |     3 | {17,16,5,9,1}
 Lagos          | Shanghai       | $2,456.83 |     4 | {17,16,26,8,18,3}
 Lagos          | Sao Paulo      | $1,530.38 |     2 | {17,16,26,4}
 Lagos          | Mumbai         | $1,079.19 |     1 | {17,16,5}
 Lagos          | Mexico City    | $1,673.24 |     3 | {17,25,21,29,6}
 Lagos          | Pekín          | $3,325.04 |     6 | {17,16,26,4,27,10,28,7}
 Lagos          | Osaka          | $1,881.45 |     2 | {17,16,26,8}
 Lagos          | El Cairo       | $1,429.18 |     2 | {17,16,5,9}
 Lagos          | Nueva York     | $2,122.00 |     4 | {17,16,26,4,27,10}
 Lagos          | Dhaka          | $2,333.62 |     4 | {17,25,21,29,6,11}
 Lagos          | Karachi        | $4,173.90 |     7 | {17,16,26,4,27,10,28,7,12}
 Lagos          | Buenos Aires   |   $987.15 |     2 | {17,25,21,13}
 Lagos          | Kolkata        | $2,296.44 |     4 | {17,16,26,4,23,14}
 Lagos          | Estambul       | $2,875.97 |     5 | {17,16,26,4,27,10,15}
 Lagos          | Chongqing      |   $624.44 |     0 | {17,16}
 Lagos          | Manila         | $2,283.64 |     3 | {17,16,26,8,18}
 Lagos          | Rio de Janeiro | $1,206.09 |     3 | {17,25,21,13,19}
 Lagos          | Guangzhou      | $1,863.62 |     2 | {17,25,22,20}
 Lagos          | Los Ángeles    |   $554.61 |     1 | {17,25,21}
 Lagos          | Moscú          | $1,074.36 |     1 | {17,25,22}
 Lagos          | Kinshasa       | $1,779.27 |     3 | {17,16,26,4,23}
 Lagos          | París          |   $319.26 |     0 | {17,25}
 Lagos          | Shenzhen       | $1,130.65 |     1 | {17,16,26}
 Lagos          | Jakarta        | $1,995.47 |     3 | {17,16,26,4,27}
 Lagos          | Londres        | $2,644.89 |     5 | {17,16,26,4,27,10,28}
 Lagos          | Bangalore      | $1,199.51 |     2 | {17,25,21,29}
 Guangzhou      | Kolkata        |   $504.23 |     0 | {20,14}
 Lagos          | Lima           | $2,442.92 |     4 | {17,25,21,29,6,30}
 Manila         | Tokio          |   $636.12 |     2 | {18,3,9,1}
 Manila         | Shanghai       |   $173.19 |     0 | {18,3}
 Manila         | Sao Paulo      | $1,678.83 |     3 | {18,17,16,26,4}
 Manila         | Mumbai         | $1,227.64 |     2 | {18,17,16,5}
 Manila         | Mexico City    | $1,635.77 |     5 | {18,3,27,10,28,29,6}
 Manila         | Pekín          | $1,736.97 |     4 | {18,3,27,10,28,7}
 Manila         | Osaka          | $2,029.90 |     3 | {18,17,16,26,8}
 Manila         | El Cairo       |   $274.47 |     1 | {18,3,9}
 Manila         | Nueva York     |   $533.93 |     2 | {18,3,27,10}
 Manila         | Dhaka          | $2,064.72 |     5 | {18,3,27,10,28,7,11}
 Manila         | Karachi        | $2,585.83 |     5 | {18,3,27,10,28,7,12}
 Manila         | Buenos Aires   | $1,135.60 |     3 | {18,17,25,21,13}
 Manila         | Kolkata        | $2,108.49 |     4 | {18,3,9,22,20,14}
 Manila         | Estambul       | $1,287.90 |     3 | {18,3,27,10,15}
 Manila         | Chongqing      |   $772.89 |     1 | {18,17,16}
 Manila         | Lagos          |   $148.45 |     0 | {18,17}
 Manila         | Rio de Janeiro | $1,221.08 |     2 | {18,3,27,19}
 Manila         | Guangzhou      | $1,604.26 |     3 | {18,3,9,22,20}
 Manila         | Los Ángeles    |   $703.06 |     2 | {18,17,25,21}
 Manila         | Moscú          |   $815.00 |     2 | {18,3,9,22}
 Manila         | Kinshasa       | $1,927.72 |     4 | {18,17,16,26,4,23}
 Manila         | París          |   $467.71 |     1 | {18,17,25}
 Manila         | Shenzhen       | $1,279.10 |     2 | {18,17,16,26}
 Manila         | Jakarta        |   $407.40 |     1 | {18,3,27}
 Manila         | Londres        | $1,056.82 |     3 | {18,3,27,10,28}
 Manila         | Bangalore      | $1,162.04 |     4 | {18,3,27,10,28,29}
 Manila         | Lima           | $2,405.45 |     6 | {18,3,27,10,28,29,6,30}
 Rio de Janeiro | Tokio          |   $804.44 |     1 | {19,9,1}
 Rio de Janeiro | Shanghai       | $3,183.70 |     5 | {19,9,22,26,8,18,3}
 Rio de Janeiro | Sao Paulo      | $2,257.25 |     3 | {19,9,22,26,4}
 Rio de Janeiro | Mumbai         | $1,654.29 |     2 | {19,9,1,5}
 Rio de Janeiro | Mexico City    | $2,122.26 |     3 | {19,13,21,29,6}
 Rio de Janeiro | Pekín          | $2,899.40 |     4 | {19,9,1,10,28,7}
 Rio de Janeiro | Osaka          | $2,608.32 |     3 | {19,9,22,26,8}
 Rio de Janeiro | El Cairo       |   $442.79 |     0 | {19,9}
 Rio de Janeiro | Nueva York     | $1,696.36 |     2 | {19,9,1,10}
 Rio de Janeiro | Dhaka          | $2,782.64 |     4 | {19,13,21,29,6,11}
 Rio de Janeiro | Karachi        | $3,748.26 |     5 | {19,9,1,10,28,7,12}
 Rio de Janeiro | Buenos Aires   |   $181.99 |     0 | {19,13}
 Rio de Janeiro | Kolkata        | $2,276.81 |     3 | {19,9,22,20,14}
 Rio de Janeiro | Estambul       | $2,450.33 |     3 | {19,9,1,10,15}
 Rio de Janeiro | Chongqing      | $3,783.40 |     6 | {19,9,22,26,8,18,17,16}
 Rio de Janeiro | Lagos          | $3,158.96 |     5 | {19,9,22,26,8,18,17}
 Rio de Janeiro | Manila         | $3,010.51 |     4 | {19,9,22,26,8,18}
 Rio de Janeiro | Guangzhou      | $1,772.58 |     2 | {19,9,22,20}
 Rio de Janeiro | Los Ángeles    | $1,003.63 |     1 | {19,13,21}
 Rio de Janeiro | Moscú          |   $983.32 |     1 | {19,9,22}
 Rio de Janeiro | Kinshasa       | $2,506.14 |     4 | {19,9,22,26,4,23}
 Rio de Janeiro | París          | $2,028.11 |     3 | {19,9,1,5,25}
 Rio de Janeiro | Shenzhen       | $1,857.52 |     2 | {19,9,22,26}
 Rio de Janeiro | Jakarta        | $2,722.34 |     4 | {19,9,22,26,4,27}
 Rio de Janeiro | Londres        | $2,219.25 |     3 | {19,9,1,10,28}
 Rio de Janeiro | Bangalore      | $1,648.53 |     2 | {19,13,21,29}
 Rio de Janeiro | Lima           | $2,891.94 |     4 | {19,13,21,29,6,30}
 Guangzhou      | Tokio          | $1,094.02 |     1 | {20,14,1}
 Guangzhou      | Shanghai       | $4,019.43 |     7 | {20,14,19,9,22,26,8,18,3}
 Guangzhou      | Sao Paulo      | $3,092.98 |     5 | {20,14,19,9,22,26,4}
 Guangzhou      | Mumbai         | $1,943.87 |     2 | {20,14,1,5}
 Guangzhou      | Mexico City    | $2,581.82 |     3 | {20,13,21,29,6}
 Guangzhou      | Pekín          | $3,188.98 |     4 | {20,14,1,10,28,7}
 Guangzhou      | Osaka          | $3,444.05 |     5 | {20,14,19,9,22,26,8}
 Guangzhou      | El Cairo       | $1,278.52 |     2 | {20,14,19,9}
 Guangzhou      | Nueva York     | $1,985.94 |     2 | {20,14,1,10}
 Guangzhou      | Dhaka          | $3,242.20 |     4 | {20,13,21,29,6,11}
 Guangzhou      | Karachi        | $4,037.84 |     5 | {20,14,1,10,28,7,12}
 Guangzhou      | Estambul       | $2,739.91 |     3 | {20,14,1,10,15}
 Guangzhou      | Chongqing      | $4,619.13 |     8 | {20,14,19,9,22,26,8,18,17,16}
 Guangzhou      | Lagos          | $3,994.69 |     7 | {20,14,19,9,22,26,8,18,17}
 Guangzhou      | Manila         | $3,846.24 |     6 | {20,14,19,9,22,26,8,18}
 Guangzhou      | Rio de Janeiro |   $835.73 |     1 | {20,14,19}
 Guangzhou      | Los Ángeles    | $1,463.19 |     1 | {20,13,21}
 Guangzhou      | Moscú          | $1,819.05 |     3 | {20,14,19,9,22}
 Guangzhou      | Kinshasa       | $3,341.87 |     6 | {20,14,19,9,22,26,4,23}
 Guangzhou      | París          | $2,317.69 |     3 | {20,14,1,5,25}
 Guangzhou      | Shenzhen       | $2,693.25 |     4 | {20,14,19,9,22,26}
 Guangzhou      | Jakarta        | $3,558.07 |     6 | {20,14,19,9,22,26,4,27}
 Guangzhou      | Londres        | $2,508.83 |     3 | {20,14,1,10,28}
 Guangzhou      | Bangalore      | $2,108.09 |     2 | {20,13,21,29}
 Guangzhou      | Lima           | $3,351.50 |     4 | {20,13,21,29,6,30}
 Los Ángeles    | Tokio          | $1,455.92 |     3 | {21,13,19,9,1}
 Los Ángeles    | Shanghai       | $2,591.80 |     4 | {21,29,6,30,18,3}
 Los Ángeles    | Sao Paulo      | $2,908.73 |     5 | {21,13,19,9,22,26,4}
 Los Ángeles    | Mumbai         | $2,131.51 |     3 | {21,29,6,30,5}
 Los Ángeles    | Mexico City    | $1,118.63 |     1 | {21,29,6}
 Los Ángeles    | Pekín          | $3,550.88 |     6 | {21,13,19,9,1,10,28,7}
 Los Ángeles    | Osaka          | $3,259.80 |     5 | {21,13,19,9,22,26,8}
 Los Ángeles    | El Cairo       | $1,094.27 |     2 | {21,13,19,9}
 Los Ángeles    | Nueva York     | $2,347.84 |     4 | {21,13,19,9,1,10}
 Los Ángeles    | Dhaka          | $1,779.01 |     2 | {21,29,6,11}
 Los Ángeles    | Karachi        | $4,399.74 |     7 | {21,13,19,9,1,10,28,7,12}
 Los Ángeles    | Buenos Aires   |   $432.54 |     0 | {21,13}
 Los Ángeles    | Kolkata        | $2,494.72 |     4 | {21,29,6,11,23,14}
 Los Ángeles    | Estambul       | $3,101.81 |     5 | {21,13,19,9,1,10,15}
 Los Ángeles    | Chongqing      | $3,191.50 |     5 | {21,29,6,30,18,17,16}
 Los Ángeles    | Lagos          | $2,567.06 |     4 | {21,29,6,30,18,17}
 Los Ángeles    | Manila         | $2,418.61 |     3 | {21,29,6,30,18}
 Los Ángeles    | Rio de Janeiro |   $651.48 |     1 | {21,13,19}
 Los Ángeles    | Guangzhou      | $2,424.06 |     4 | {21,13,19,9,22,20}
 Los Ángeles    | Moscú          | $1,634.80 |     3 | {21,13,19,9,22}
 Los Ángeles    | Kinshasa       | $1,977.55 |     3 | {21,29,6,11,23}
 Los Ángeles    | París          | $1,990.79 |     3 | {21,29,6,11,25}
 Los Ángeles    | Shenzhen       | $2,509.00 |     4 | {21,13,19,9,22,26}
 Los Ángeles    | Jakarta        | $2,826.01 |     5 | {21,29,6,30,18,3,27}
 Los Ángeles    | Londres        | $2,870.73 |     5 | {21,13,19,9,1,10,28}
 Los Ángeles    | Bangalore      |   $644.90 |     0 | {21,29}
 Los Ángeles    | Lima           | $1,888.31 |     2 | {21,29,6,30}
 Moscú          | Tokio          | $1,883.28 |     2 | {22,20,14,1}
 Moscú          | Shanghai       | $2,200.38 |     3 | {22,26,8,18,3}
 Moscú          | Sao Paulo      | $1,273.93 |     1 | {22,26,4}
 Moscú          | Mumbai         | $2,733.13 |     3 | {22,20,14,1,5}
 Moscú          | Mexico City    | $2,967.39 |     6 | {22,26,4,27,10,28,29,6}
 Moscú          | Pekín          | $3,068.59 |     5 | {22,26,4,27,10,28,7}
 Moscú          | Osaka          | $1,625.00 |     1 | {22,26,8}
 Moscú          | El Cairo       | $2,067.78 |     3 | {22,20,14,19,9}
 Moscú          | Nueva York     | $1,865.55 |     3 | {22,26,4,27,10}
 Moscú          | Dhaka          | $3,396.34 |     6 | {22,26,4,27,10,28,7,11}
 Moscú          | Karachi        | $3,917.45 |     6 | {22,26,4,27,10,28,7,12}
 Moscú          | Buenos Aires   | $1,430.81 |     1 | {22,20,13}
 Moscú          | Kolkata        | $1,293.49 |     1 | {22,20,14}
 Moscú          | Estambul       | $2,619.52 |     4 | {22,26,4,27,10,15}
 Moscú          | Chongqing      | $2,800.08 |     4 | {22,26,8,18,17,16}
 Moscú          | Lagos          | $2,175.64 |     3 | {22,26,8,18,17}
 Moscú          | Manila         | $2,027.19 |     2 | {22,26,8,18}
 Moscú          | Rio de Janeiro | $1,624.99 |     2 | {22,20,14,19}
 Moscú          | Guangzhou      |   $789.26 |     0 | {22,20}
 Moscú          | Los Ángeles    | $2,252.45 |     2 | {22,20,13,21}
 Moscú          | Kinshasa       | $1,522.82 |     2 | {22,26,4,23}
 Moscú          | París          | $2,494.90 |     4 | {22,26,8,18,17,25}
 Moscú          | Shenzhen       |   $874.20 |     0 | {22,26}
 Moscú          | Jakarta        | $1,739.02 |     2 | {22,26,4,27}
 Moscú          | Londres        | $2,388.44 |     4 | {22,26,4,27,10,28}
 Moscú          | Bangalore      | $2,493.66 |     5 | {22,26,4,27,10,28,29}
 Moscú          | Lima           | $2,516.67 |     2 | {22,26,8,30}
 Kinshasa       | Tokio          |   $640.87 |     0 | {23,1}
 Kinshasa       | Shanghai       | $3,913.21 |     6 | {23,1,10,15,26,8,18,3}
 Kinshasa       | Sao Paulo      | $2,986.76 |     4 | {23,1,10,15,26,4}
 Kinshasa       | Mumbai         | $1,490.72 |     1 | {23,1,5}
 Kinshasa       | Mexico City    | $2,634.63 |     4 | {23,1,10,28,29,6}
 Kinshasa       | Pekín          | $2,735.83 |     3 | {23,1,10,28,7}
 Kinshasa       | Osaka          | $3,337.83 |     4 | {23,1,10,15,26,8}
 Kinshasa       | El Cairo       | $1,291.46 |     2 | {23,14,19,9}
 Kinshasa       | Nueva York     | $1,532.79 |     1 | {23,1,10}
 Kinshasa       | Dhaka          | $3,063.58 |     4 | {23,1,10,28,7,11}
 Kinshasa       | Karachi        | $3,584.69 |     4 | {23,1,10,28,7,12}
 Kinshasa       | Buenos Aires   | $1,030.66 |     2 | {23,14,19,13}
 Kinshasa       | Kolkata        |   $517.17 |     0 | {23,14}
 Kinshasa       | Estambul       | $2,286.76 |     2 | {23,1,10,15}
 Kinshasa       | Chongqing      | $4,512.91 |     7 | {23,1,10,15,26,8,18,17,16}
 Kinshasa       | Lagos          | $3,888.47 |     6 | {23,1,10,15,26,8,18,17}
 Kinshasa       | Manila         | $3,740.02 |     5 | {23,1,10,15,26,8,18}
 Kinshasa       | Rio de Janeiro |   $848.67 |     1 | {23,14,19}
 Kinshasa       | Guangzhou      | $2,621.25 |     4 | {23,14,19,9,22,20}
 Kinshasa       | Los Ángeles    | $1,852.30 |     3 | {23,14,19,13,21}
 Kinshasa       | Moscú          | $1,831.99 |     3 | {23,14,19,9,22}
 Kinshasa       | París          | $1,864.54 |     2 | {23,1,5,25}
 Kinshasa       | Shenzhen       | $2,587.03 |     3 | {23,1,10,15,26}
 Kinshasa       | Jakarta        | $3,451.85 |     5 | {23,1,10,15,26,4,27}
 Kinshasa       | Londres        | $2,055.68 |     2 | {23,1,10,28}
 Kinshasa       | Bangalore      | $2,160.90 |     3 | {23,1,10,28,29}
 Kinshasa       | Lima           | $3,404.31 |     5 | {23,1,10,28,29,6,30}
 Tianjin        | Tokio          |   $167.55 |     0 | {24,1}
 Tianjin        | Shanghai       | $3,439.89 |     6 | {24,1,10,15,26,8,18,3}
 Tianjin        | Sao Paulo      | $2,513.44 |     4 | {24,1,10,15,26,4}
 Tianjin        | Mumbai         | $1,017.40 |     1 | {24,1,5}
 Tianjin        | Mexico City    | $2,161.31 |     4 | {24,1,10,28,29,6}
 Tianjin        | Pekín          | $2,262.51 |     3 | {24,1,10,28,7}
 Tianjin        | Osaka          | $2,864.51 |     4 | {24,1,10,15,26,8}
 Tianjin        | El Cairo       | $1,367.39 |     2 | {24,1,5,9}
 Tianjin        | Nueva York     | $1,059.47 |     1 | {24,1,10}
 Tianjin        | Dhaka          | $2,590.26 |     4 | {24,1,10,28,7,11}
 Tianjin        | Karachi        | $3,111.37 |     4 | {24,1,10,28,7,12}
 Tianjin        | Buenos Aires   |   $945.35 |     1 | {24,20,13}
 Tianjin        | Kolkata        |   $808.03 |     1 | {24,20,14}
 Tianjin        | Estambul       | $1,813.44 |     2 | {24,1,10,15}
 Tianjin        | Chongqing      | $4,039.59 |     7 | {24,1,10,15,26,8,18,17,16}
 Tianjin        | Lagos          | $3,415.15 |     6 | {24,1,10,15,26,8,18,17}
 Tianjin        | Manila         | $3,266.70 |     5 | {24,1,10,15,26,8,18}
 Tianjin        | Rio de Janeiro | $1,139.53 |     2 | {24,20,14,19}
 Tianjin        | Guangzhou      |   $303.80 |     0 | {24,20}
 Tianjin        | Los Ángeles    | $1,626.57 |     3 | {24,1,5,25,21}
 Tianjin        | Moscú          | $1,907.92 |     3 | {24,1,5,9,22}
 Tianjin        | Kinshasa       | $2,762.33 |     5 | {24,1,10,15,26,4,23}
 Tianjin        | París          | $1,391.22 |     2 | {24,1,5,25}
 Tianjin        | Shenzhen       | $2,113.71 |     3 | {24,1,10,15,26}
 Tianjin        | Jakarta        | $2,978.53 |     5 | {24,1,10,15,26,4,27}
 Tianjin        | Londres        | $1,582.36 |     2 | {24,1,10,28}
 Tianjin        | Bangalore      | $1,687.58 |     3 | {24,1,10,28,29}
 Tianjin        | Lima           | $2,930.99 |     5 | {24,1,10,28,29,6,30}
 París          | Tokio          | $1,691.27 |     4 | {25,21,13,19,9,1}
 París          | Shanghai       | $2,827.15 |     5 | {25,21,29,6,30,18,3}
 París          | Sao Paulo      | $2,029.03 |     2 | {25,22,26,4}
 París          | Mumbai         | $2,366.86 |     4 | {25,21,29,6,30,5}
 París          | Mexico City    | $1,353.98 |     2 | {25,21,29,6}
 Jakarta        | Manila         | $2,333.76 |     4 | {27,10,15,26,8,18}
 París          | Pekín          | $3,786.23 |     7 | {25,21,13,19,9,1,10,28,7}
 París          | Osaka          | $2,380.10 |     2 | {25,22,26,8}
 París          | El Cairo       | $1,329.62 |     3 | {25,21,13,19,9}
 París          | Nueva York     | $2,583.19 |     5 | {25,21,13,19,9,1,10}
 París          | Dhaka          | $2,014.36 |     3 | {25,21,29,6,11}
 París          | Karachi        | $4,635.09 |     8 | {25,21,13,19,9,1,10,28,7,12}
 París          | Buenos Aires   |   $667.89 |     1 | {25,21,13}
 París          | Kolkata        | $2,048.59 |     2 | {25,22,20,14}
 París          | Estambul       | $3,337.16 |     6 | {25,21,13,19,9,1,10,15}
 París          | Chongqing      | $3,426.85 |     6 | {25,21,29,6,30,18,17,16}
 París          | Lagos          | $2,802.41 |     5 | {25,21,29,6,30,18,17}
 París          | Manila         | $2,653.96 |     4 | {25,21,29,6,30,18}
 París          | Rio de Janeiro |   $886.83 |     2 | {25,21,13,19}
 París          | Guangzhou      | $1,544.36 |     1 | {25,22,20}
 París          | Los Ángeles    |   $235.35 |     0 | {25,21}
 París          | Moscú          |   $755.10 |     0 | {25,22}
 París          | Kinshasa       | $2,212.90 |     4 | {25,21,29,6,11,23}
 París          | Shenzhen       | $1,629.30 |     1 | {25,22,26}
 París          | Jakarta        | $2,494.12 |     3 | {25,22,26,4,27}
 París          | Londres        | $3,106.08 |     6 | {25,21,13,19,9,1,10,28}
 París          | Bangalore      |   $880.25 |     1 | {25,21,29}
 París          | Lima           | $2,123.66 |     3 | {25,21,29,6,30}
 Shenzhen       | Tokio          | $1,289.49 |     2 | {26,4,23,1}
 Shenzhen       | Shanghai       | $1,326.18 |     2 | {26,8,18,3}
 Shenzhen       | Sao Paulo      |   $399.73 |     0 | {26,4}
 Shenzhen       | Mumbai         | $1,885.67 |     2 | {26,8,30,5}
 Shenzhen       | Mexico City    | $2,093.19 |     5 | {26,4,27,10,28,29,6}
 Shenzhen       | Pekín          | $2,194.39 |     4 | {26,4,27,10,28,7}
 Shenzhen       | Osaka          |   $750.80 |     0 | {26,8}
 Shenzhen       | El Cairo       | $1,427.46 |     3 | {26,8,18,3,9}
 Shenzhen       | Nueva York     |   $991.35 |     2 | {26,4,27,10}
 Shenzhen       | Dhaka          | $2,522.14 |     5 | {26,4,27,10,28,7,11}
 Shenzhen       | Karachi        | $3,043.25 |     5 | {26,4,27,10,28,7,12}
 Shenzhen       | Buenos Aires   | $1,679.28 |     4 | {26,4,23,14,19,13}
 Shenzhen       | Kolkata        | $1,165.79 |     2 | {26,4,23,14}
 Shenzhen       | Estambul       | $1,745.32 |     3 | {26,4,27,10,15}
 Shenzhen       | Chongqing      | $1,925.88 |     3 | {26,8,18,17,16}
 Shenzhen       | Lagos          | $1,301.44 |     2 | {26,8,18,17}
 Shenzhen       | Manila         | $1,152.99 |     1 | {26,8,18}
 Shenzhen       | Rio de Janeiro | $1,497.29 |     3 | {26,4,23,14,19}
 Shenzhen       | Guangzhou      | $2,757.25 |     5 | {26,8,18,3,9,22,20}
 Shenzhen       | Los Ángeles    | $1,856.05 |     4 | {26,8,18,17,25,21}
 Shenzhen       | Moscú          | $1,967.99 |     4 | {26,8,18,3,9,22}
 Shenzhen       | Kinshasa       |   $648.62 |     1 | {26,4,23}
 Shenzhen       | París          | $1,620.70 |     3 | {26,8,18,17,25}
 Shenzhen       | Jakarta        |   $864.82 |     1 | {26,4,27}
 Shenzhen       | Londres        | $1,514.24 |     3 | {26,4,27,10,28}
 Shenzhen       | Bangalore      | $1,619.46 |     4 | {26,4,27,10,28,29}
 Shenzhen       | Lima           | $1,642.47 |     1 | {26,8,30}
 Jakarta        | Tokio          | $1,618.12 |     2 | {27,19,9,1}
 Jakarta        | Shanghai       | $2,506.95 |     5 | {27,10,15,26,8,18,3}
 Jakarta        | Sao Paulo      | $1,580.50 |     3 | {27,10,15,26,4}
 Jakarta        | Mumbai         | $2,241.25 |     5 | {27,10,28,29,6,30,5}
 Jakarta        | Mexico City    | $1,228.37 |     3 | {27,10,28,29,6}
 Jakarta        | Pekín          | $1,329.57 |     2 | {27,10,28,7}
 Jakarta        | Osaka          | $1,931.57 |     3 | {27,10,15,26,8}
 Jakarta        | El Cairo       | $1,256.47 |     1 | {27,19,9}
 Jakarta        | Nueva York     |   $126.53 |     0 | {27,10}
 Jakarta        | Dhaka          | $1,657.32 |     3 | {27,10,28,7,11}
 Jakarta        | Karachi        | $2,178.43 |     3 | {27,10,28,7,12}
 Jakarta        | Buenos Aires   |   $995.67 |     1 | {27,19,13}
 Jakarta        | Kolkata        | $2,346.56 |     5 | {27,10,15,26,4,23,14}
 Jakarta        | Estambul       |   $880.50 |     1 | {27,10,15}
 Jakarta        | Chongqing      | $3,106.65 |     6 | {27,10,15,26,8,18,17,16}
 Jakarta        | Lagos          | $2,482.21 |     5 | {27,10,15,26,8,18,17}
 Jakarta        | Rio de Janeiro |   $813.68 |     0 | {27,19}
 Jakarta        | Guangzhou      | $2,586.26 |     3 | {27,19,9,22,20}
 Jakarta        | Los Ángeles    | $1,817.31 |     2 | {27,19,13,21}
 Jakarta        | Moscú          | $1,797.00 |     2 | {27,19,9,22}
 Jakarta        | Kinshasa       | $1,829.39 |     4 | {27,10,15,26,4,23}
 Jakarta        | París          | $1,869.10 |     4 | {27,10,28,7,11,25}
 Jakarta        | Shenzhen       | $1,180.77 |     2 | {27,10,15,26}
 Jakarta        | Londres        |   $649.42 |     1 | {27,10,28}
 Jakarta        | Bangalore      |   $754.64 |     2 | {27,10,28,29}
 Jakarta        | Lima           | $1,998.05 |     4 | {27,10,28,29,6,30}
 Londres        | Tokio          | $1,107.49 |     3 | {28,29,19,9,1}
 Londres        | Shanghai       | $2,052.12 |     4 | {28,29,6,30,18,3}
 Londres        | Sao Paulo      | $2,560.30 |     5 | {28,29,19,9,22,26,4}
 Londres        | Mumbai         | $1,591.83 |     3 | {28,29,6,30,5}
 Londres        | Mexico City    |   $578.95 |     1 | {28,29,6}
 Londres        | Pekín          |   $680.15 |     0 | {28,7}
 Londres        | Osaka          | $2,911.37 |     5 | {28,29,19,9,22,26,8}
 Londres        | El Cairo       |   $745.84 |     2 | {28,29,19,9}
 Londres        | Nueva York     | $1,999.41 |     4 | {28,29,19,9,1,10}
 Londres        | Dhaka          | $1,007.90 |     1 | {28,7,11}
 Londres        | Karachi        | $1,529.01 |     1 | {28,7,12}
 Londres        | Buenos Aires   |   $485.04 |     2 | {28,29,19,13}
 Londres        | Kolkata        | $1,723.61 |     3 | {28,7,11,23,14}
 Londres        | Estambul       | $2,753.38 |     5 | {28,29,19,9,1,10,15}
 Londres        | Chongqing      | $2,651.82 |     5 | {28,29,6,30,18,17,16}
 Londres        | Lagos          | $2,027.38 |     4 | {28,29,6,30,18,17}
 Londres        | Manila         | $1,878.93 |     3 | {28,29,6,30,18}
 Londres        | Rio de Janeiro |   $303.05 |     1 | {28,29,19}
 Londres        | Guangzhou      | $2,075.63 |     4 | {28,29,19,9,22,20}
 Londres        | Los Ángeles    | $1,306.68 |     3 | {28,29,19,13,21}
 Londres        | Moscú          | $1,286.37 |     3 | {28,29,19,9,22}
 Londres        | Kinshasa       | $1,206.44 |     2 | {28,7,11,23}
 Londres        | París          | $1,219.68 |     2 | {28,7,11,25}
 Londres        | Shenzhen       | $2,160.57 |     4 | {28,29,19,9,22,26}
 Londres        | Jakarta        | $2,286.33 |     5 | {28,29,6,30,18,3,27}
 Londres        | Bangalore      |   $105.22 |     0 | {28,29}
 Londres        | Lima           | $1,348.63 |     2 | {28,29,6,30}
 Bangalore      | Tokio          | $1,002.27 |     2 | {29,19,9,1}
 Bangalore      | Shanghai       | $1,946.90 |     3 | {29,6,30,18,3}
 Bangalore      | Sao Paulo      | $2,455.08 |     4 | {29,19,9,22,26,4}
 Bangalore      | Mumbai         | $1,486.61 |     2 | {29,6,30,5}
 Bangalore      | Mexico City    |   $473.73 |     0 | {29,6}
 Bangalore      | Pekín          | $3,097.23 |     5 | {29,19,9,1,10,28,7}
 Bangalore      | Osaka          | $2,806.15 |     4 | {29,19,9,22,26,8}
 Bangalore      | El Cairo       |   $640.62 |     1 | {29,19,9}
 Bangalore      | Nueva York     | $1,894.19 |     3 | {29,19,9,1,10}
 Bangalore      | Dhaka          | $1,134.11 |     1 | {29,6,11}
 Bangalore      | Karachi        | $3,946.09 |     6 | {29,19,9,1,10,28,7,12}
 Bangalore      | Buenos Aires   |   $379.82 |     1 | {29,19,13}
 Bangalore      | Kolkata        | $1,849.82 |     3 | {29,6,11,23,14}
 Bangalore      | Estambul       | $2,648.16 |     4 | {29,19,9,1,10,15}
 Bangalore      | Chongqing      | $2,546.60 |     4 | {29,6,30,18,17,16}
 Bangalore      | Lagos          | $1,922.16 |     3 | {29,6,30,18,17}
 Bangalore      | Manila         | $1,773.71 |     2 | {29,6,30,18}
 Bangalore      | Rio de Janeiro |   $197.83 |     0 | {29,19}
 Bangalore      | Guangzhou      | $1,970.41 |     3 | {29,19,9,22,20}
 Bangalore      | Los Ángeles    | $1,201.46 |     2 | {29,19,13,21}
 Bangalore      | Moscú          | $1,181.15 |     2 | {29,19,9,22}
 Bangalore      | Kinshasa       | $1,332.65 |     2 | {29,6,11,23}
 Bangalore      | París          | $1,345.89 |     2 | {29,6,11,25}
 Bangalore      | Shenzhen       | $2,055.35 |     3 | {29,19,9,22,26}
 Bangalore      | Jakarta        | $2,181.11 |     4 | {29,6,30,18,3,27}
 Bangalore      | Londres        | $2,417.08 |     4 | {29,19,9,1,10,28}
 Bangalore      | Lima           | $1,243.41 |     1 | {29,6,30}
 Lima           | Tokio          |   $954.84 |     2 | {30,5,9,1}
 Lima           | Shanghai       |   $703.49 |     1 | {30,18,3}
 Lima           | Sao Paulo      | $2,209.13 |     4 | {30,18,17,16,26,4}
 Lima           | Mumbai         |   $243.20 |     0 | {30,5}
 Lima           | Mexico City    | $1,971.00 |     4 | {30,5,25,21,29,6}
 Lima           | Pekín          | $2,267.27 |     5 | {30,18,3,27,10,28,7}
 Lima           | Osaka          | $2,560.20 |     4 | {30,18,17,16,26,8}
 Lima           | El Cairo       |   $593.19 |     1 | {30,5,9}
 Lima           | Nueva York     | $1,064.23 |     3 | {30,18,3,27,10}
 Lima           | Dhaka          | $2,595.02 |     6 | {30,18,3,27,10,28,7,11}
 Lima           | Karachi        | $3,116.13 |     6 | {30,18,3,27,10,28,7,12}
 Lima           | Buenos Aires   | $1,284.91 |     3 | {30,5,25,21,13}
 Lima           | Kolkata        | $2,427.21 |     4 | {30,5,9,22,20,14}
 Lima           | Estambul       | $1,818.20 |     4 | {30,18,3,27,10,15}
 Lima           | Chongqing      | $1,303.19 |     2 | {30,18,17,16}
 Lima           | Lagos          |   $678.75 |     1 | {30,18,17}
 Lima           | Manila         |   $530.30 |     0 | {30,18}
 Lima           | Rio de Janeiro | $1,503.85 |     4 | {30,5,25,21,13,19}
 Lima           | Guangzhou      | $1,922.98 |     3 | {30,5,9,22,20}
 Lima           | Los Ángeles    |   $852.37 |     2 | {30,5,25,21}
 Lima           | Moscú          | $1,133.72 |     2 | {30,5,9,22}
 Lima           | Kinshasa       | $2,458.02 |     5 | {30,18,17,16,26,4,23}
 Lima           | París          |   $617.02 |     1 | {30,5,25}
 Lima           | Shenzhen       | $1,809.40 |     3 | {30,18,17,16,26}
 Lima           | Jakarta        |   $937.70 |     2 | {30,18,3,27}
 Lima           | Londres        | $1,587.12 |     4 | {30,18,3,27,10,28}
 Lima           | Bangalore      | $1,497.27 |     3 | {30,5,25,21,29}
(812 rows)

